1.0463 	WARNING 	We strongly recommend you activate the PTB sound engine in PsychoPy prefs as the preferred audio engine. Its timing is vastly superior. Your prefs are currently set to use ['sounddevice', 'PTB', 'pyo', 'pygame'] (in that order).
7.1494 	EXP 	Created window1 = Window(allowGUI=True, allowStencil=False, autoLog=True, backendConf=UNKNOWN, bitsMode=UNKNOWN, blendMode='avg', bpc=(8, 8, 8), color=array([1., 1., 1.]), colorSpace='rgb', depthBits=8, fullscr=<method-wrapper '__getattribute__' of attributeSetter object at 0x0000028463ABE520>, gamma=None, gammaErrorPolicy='raise', lms=UNKNOWN, monitor=<psychopy.monitors.calibTools.Monitor object at 0x0000028465A0F4F0>, multiSample=False, name='window1', numSamples=2, pos=(0, 0), screen=1, size=array([1920, 1080]), stencilBits=0, stereo=False, units='pix', useFBO=True, useRetina=False, viewOri=0.0, viewPos=None, viewScale=None, waitBlanking=True, winType='pyglet')
7.1495 	EXP 	window1: mouseVisible = True
7.1496 	EXP 	window1: mouseVisible = False
7.1496 	EXP 	window1: Attempting to measure frame rate of screen (1) ...
7.1496 	EXP 	window1: recordFrameIntervals = False
7.3160 	EXP 	window1: recordFrameIntervals = True
7.4364 	WARNING 	t of last frame was 21.02ms (=1/47)
7.4858 	WARNING 	t of last frame was 20.48ms (=1/48)
7.6653 	EXP 	Screen (1) actual frame rate measured at 60.04Hz
7.6653 	EXP 	window1: recordFrameIntervals = False
9.1888 	EXP 	Created text = TextStim(__class__=<class 'psychopy.visual.text.TextStim'>, alignHoriz=method-wrapper(...), alignText='center', alignVert=method-wrapper(...), anchorHoriz='center', anchorVert='center', antialias=True, autoDraw=False, autoLog=True, bold=False, color=array([-1., -1., -1.]), colorSpace='rgb', contrast=1.0, depth=0.0, flipHoriz=False, flipVert=False, font='Open Sans', fontFiles=[], height=50.05, italic=False, languageStyle='LTR', name='text', opacity=1.0, ori=0.0, pos=array([0., 0.]), rgb=UNKNOWN, text=str(...), units='pix', win=Window(...), wrapWidth=500)
9.3886 	EXP 	Created corss_image = ImageStim(__class__=<class 'psychopy.visual.image.ImageStim'>, anchor=('center', 'center'), autoLog=True, color=array([1, 1, 1]), colorSpace='rgb', contrast=1.0, depth=0.0, flipHoriz=False, flipVert=False, image=str(...), interpolate=True, mask=None, maskParams=None, name='corss_image', opacity=1.0, ori=0.0, pos=array([0., 0.]), size=array([1920., 1080.]), texRes=128.0, units='pix', win=Window(...))
9.6073 	EXP 	Created saccade_image = ImageStim(__class__=<class 'psychopy.visual.image.ImageStim'>, anchor=('center', 'center'), autoLog=True, color=array([1., 1., 1.]), colorSpace='rgb', contrast=1.0, depth=-1.0, flipHoriz=False, flipVert=False, image='stimuli/cat.png', interpolate=True, mask=None, maskParams=None, name='saccade_image', opacity=1.0, ori=0.0, pos=array([960., 540.]), size=array([220., 150.]), texRes=128.0, units='pix', win=Window(...))
9.6129 	EXP 	Created txt = TextStim(__class__=<class 'psychopy.visual.text.TextStim'>, alignHoriz=method-wrapper(...), alignText='center', alignVert=method-wrapper(...), anchorHoriz='center', anchorVert='center', antialias=True, autoDraw=False, autoLog=True, bold=False, color=array([-1., -1., -1.]), colorSpace='rgb', contrast=1.0, depth=0.0, flipHoriz=False, flipVert=False, font='Open Sans', fontFiles=[], height=50.05, italic=False, languageStyle='LTR', name='txt', opacity=1.0, ori=0.0, pos=array([0., 0.]), rgb=UNKNOWN, text=str(...), units='pix', win=Window(...), wrapWidth=500)
9.8163 	EXP 	Created corss_image = ImageStim(__class__=<class 'psychopy.visual.image.ImageStim'>, anchor=('center', 'center'), autoLog=True, color=array([1, 1, 1]), colorSpace='rgb', contrast=1.0, depth=0.0, flipHoriz=False, flipVert=False, image=str(...), interpolate=True, mask=None, maskParams=None, name='corss_image', opacity=1.0, ori=0.0, pos=array([0., 0.]), size=array([1920., 1080.]), texRes=128.0, units='pix', win=Window(...))
10.0381 	EXP 	Created image_smooth = ImageStim(__class__=<class 'psychopy.visual.image.ImageStim'>, anchor=('center', 'center'), autoLog=True, color=array([1., 1., 1.]), colorSpace='rgb', contrast=1.0, depth=-1.0, flipHoriz=False, flipVert=False, image='stimuli/cat.png', interpolate=True, mask=None, maskParams=None, name='image_smooth', opacity=1.0, ori=0.0, pos=array([960., 540.]), size=array([220., 150.]), texRes=128.0, units='pix', win=Window(...))
10.0548 	EXP 	Created img_circle = ImageStim(__class__=<class 'psychopy.visual.image.ImageStim'>, anchor=('center', 'center'), autoLog=True, color=array([1., 1., 1.]), colorSpace='rgb', contrast=1.0, depth=-1.0, flipHoriz=False, flipVert=False, image='stimuli/fb.jpg', interpolate=True, mask=None, maskParams=None, name='img_circle', opacity=1.0, ori=0.0, pos=array([960., 540.]), size=array([60., 60.]), texRes=128.0, units='pix', win=Window(...))
10.0581 	DATA 	Mouse: Left button down, pos=(909,723)
10.0585 	DATA 	Mouse:  Left button up, pos=(909,723)
10.0654 	EXP 	text: autoDraw = True
10.5502 	DATA 	Mouse: Left button down, pos=(1300,748)
10.6334 	DATA 	Mouse:  Left button up, pos=(1300,748)
11.2196 	DATA 	Keypress: space
11.2344 	EXP 	text: autoDraw = False
11.2344 	EXP 	corss_image: autoDraw = True
12.2190 	EXP 	Created sequence: sequential, trialTypes=1, nReps=5, seed=None
12.2192 	EXP 	New trial (rep=0, index=0): None
12.2344 	EXP 	corss_image: autoDraw = False
12.2344 	EXP 	corss_image: autoDraw = False
12.2344 	EXP 	saccade_image: autoDraw = True
12.7188 	EXP 	New trial (rep=1, index=0): None
12.7344 	EXP 	saccade_image: autoDraw = False
12.7344 	EXP 	saccade_image: autoDraw = False
12.7344 	EXP 	saccade_image: autoDraw = True
13.2185 	EXP 	New trial (rep=2, index=0): None
13.2348 	EXP 	saccade_image: autoDraw = False
13.2348 	EXP 	saccade_image: autoDraw = False
13.2348 	EXP 	saccade_image: autoDraw = True
13.7323 	EXP 	New trial (rep=3, index=0): None
13.7487 	EXP 	saccade_image: autoDraw = False
13.7487 	EXP 	saccade_image: autoDraw = True
14.2324 	EXP 	New trial (rep=4, index=0): None
14.2486 	EXP 	saccade_image: autoDraw = False
14.2486 	EXP 	saccade_image: autoDraw = True
14.7487 	EXP 	saccade_image: autoDraw = False
14.7487 	EXP 	txt: autoDraw = True
15.8694 	DATA 	Keypress: space
15.8845 	EXP 	txt: autoDraw = False
15.8845 	EXP 	corss_image: autoDraw = True
16.9012 	EXP 	corss_image: autoDraw = False
16.9012 	EXP 	image_smooth: autoDraw = True
46.5858 	DATA 	Keypress: space
46.6010 	EXP 	image_smooth: autoDraw = False
46.6010 	EXP 	img_circle: autoDraw = True
50.3859 	DATA 	Keypress: space
50.3988 	EXP 	img_circle: autoDraw = False
50.4716 	EXP 	window1: mouseVisible = True
