1.0765 	WARNING 	We strongly recommend you activate the PTB sound engine in PsychoPy prefs as the preferred audio engine. Its timing is vastly superior. Your prefs are currently set to use ['sounddevice', 'PTB', 'pyo', 'pygame'] (in that order).
4.7091 	EXP 	Created window1 = Window(allowGUI=True, allowStencil=False, autoLog=True, backendConf=UNKNOWN, bitsMode=UNKNOWN, blendMode='avg', bpc=(8, 8, 8), color=array([1., 1., 1.]), colorSpace='rgb', depthBits=8, fullscr=<method-wrapper '__getattribute__' of attributeSetter object at 0x000001EF2DD7E4F0>, gamma=None, gammaErrorPolicy='raise', lms=UNKNOWN, monitor=<psychopy.monitors.calibTools.Monitor object at 0x000001EF2FCE1490>, multiSample=False, name='window1', numSamples=2, pos=(0, 0), screen=1, size=array([1920, 1080]), stencilBits=0, stereo=False, units='pix', useFBO=True, useRetina=False, viewOri=0.0, viewPos=None, viewScale=None, waitBlanking=True, winType='pyglet')
4.7092 	EXP 	window1: mouseVisible = True
4.7093 	EXP 	window1: mouseVisible = False
4.7093 	EXP 	window1: Attempting to measure frame rate of screen (1) ...
4.7093 	EXP 	window1: recordFrameIntervals = False
4.8753 	EXP 	window1: recordFrameIntervals = True
5.0588 	EXP 	Screen (1) actual frame rate measured at 59.99Hz
5.0588 	EXP 	window1: recordFrameIntervals = False
6.4785 	EXP 	Created text = TextStim(__class__=<class 'psychopy.visual.text.TextStim'>, alignHoriz=method-wrapper(...), alignText='center', alignVert=method-wrapper(...), anchorHoriz='center', anchorVert='center', antialias=True, autoDraw=False, autoLog=True, bold=False, color=array([-1., -1., -1.]), colorSpace='rgb', contrast=1.0, depth=0.0, flipHoriz=False, flipVert=False, font='Open Sans', fontFiles=[], height=50.05, italic=False, languageStyle='LTR', name='text', opacity=1.0, ori=0.0, pos=array([0., 0.]), rgb=UNKNOWN, text=str(...), units='pix', win=Window(...), wrapWidth=500)
6.6927 	EXP 	Created corss_image = ImageStim(__class__=<class 'psychopy.visual.image.ImageStim'>, anchor=('center', 'center'), autoLog=True, color=array([1, 1, 1]), colorSpace='rgb', contrast=1.0, depth=0.0, flipHoriz=False, flipVert=False, image=str(...), interpolate=True, mask=None, maskParams=None, name='corss_image', opacity=1.0, ori=0.0, pos=array([0., 0.]), size=array([1920., 1080.]), texRes=128.0, units='pix', win=Window(...))
6.9313 	EXP 	Created saccade_image = ImageStim(__class__=<class 'psychopy.visual.image.ImageStim'>, anchor=('center', 'center'), autoLog=True, color=array([1., 1., 1.]), colorSpace='rgb', contrast=1.0, depth=-1.0, flipHoriz=False, flipVert=False, image='stimuli/cat.png', interpolate=True, mask=None, maskParams=None, name='saccade_image', opacity=1.0, ori=0.0, pos=array([960., 540.]), size=array([220., 150.]), texRes=128.0, units='pix', win=Window(...))
6.9369 	EXP 	Created txt = TextStim(__class__=<class 'psychopy.visual.text.TextStim'>, alignHoriz=method-wrapper(...), alignText='center', alignVert=method-wrapper(...), anchorHoriz='center', anchorVert='center', antialias=True, autoDraw=False, autoLog=True, bold=False, color=array([-1., -1., -1.]), colorSpace='rgb', contrast=1.0, depth=0.0, flipHoriz=False, flipVert=False, font='Open Sans', fontFiles=[], height=50.05, italic=False, languageStyle='LTR', name='txt', opacity=1.0, ori=0.0, pos=array([0., 0.]), rgb=UNKNOWN, text=str(...), units='pix', win=Window(...), wrapWidth=500)
7.1546 	EXP 	Created corss_image = ImageStim(__class__=<class 'psychopy.visual.image.ImageStim'>, anchor=('center', 'center'), autoLog=True, color=array([1, 1, 1]), colorSpace='rgb', contrast=1.0, depth=0.0, flipHoriz=False, flipVert=False, image=str(...), interpolate=True, mask=None, maskParams=None, name='corss_image', opacity=1.0, ori=0.0, pos=array([0., 0.]), size=array([1920., 1080.]), texRes=128.0, units='pix', win=Window(...))
7.3845 	EXP 	Created image_smooth = ImageStim(__class__=<class 'psychopy.visual.image.ImageStim'>, anchor=('center', 'center'), autoLog=True, color=array([1., 1., 1.]), colorSpace='rgb', contrast=1.0, depth=-1.0, flipHoriz=False, flipVert=False, image='stimuli/cat.png', interpolate=True, mask=None, maskParams=None, name='image_smooth', opacity=1.0, ori=0.0, pos=array([960., 540.]), size=array([220., 150.]), texRes=128.0, units='pix', win=Window(...))
7.3992 	EXP 	Created start_circleM = TextStim(__class__=<class 'psychopy.visual.text.TextStim'>, alignHoriz=method-wrapper(...), alignText='center', alignVert=method-wrapper(...), anchorHoriz='center', anchorVert='center', antialias=True, autoDraw=False, autoLog=True, bold=False, color=array([-1., -1., -1.]), colorSpace='rgb', contrast=1.0, depth=0.0, flipHoriz=False, flipVert=False, font='Open Sans', fontFiles=[], height=50.05, italic=False, languageStyle='LTR', name='start_circleM', opacity=1.0, ori=0.0, pos=array([0., 0.]), rgb=UNKNOWN, text=str(...), units='pix', win=Window(...), wrapWidth=500)
7.6026 	EXP 	Created cross_img_circle = ImageStim(__class__=<class 'psychopy.visual.image.ImageStim'>, anchor=('center', 'center'), autoLog=True, color=array([1, 1, 1]), colorSpace='rgb', contrast=1.0, depth=0.0, flipHoriz=False, flipVert=False, image=str(...), interpolate=True, mask=None, maskParams=None, name='cross_img_circle', opacity=1.0, ori=0.0, pos=array([0., 0.]), size=array([1920., 1080.]), texRes=128.0, units='pix', win=Window(...))
7.6609 	EXP 	Created img_circle = ImageStim(__class__=<class 'psychopy.visual.image.ImageStim'>, anchor=('center', 'center'), autoLog=True, color=array([1., 1., 1.]), colorSpace='rgb', contrast=1.0, depth=-1.0, flipHoriz=False, flipVert=False, image='stimuli/Pan_Blue_Circle.png', interpolate=True, mask=None, maskParams=None, name='img_circle', opacity=1.0, ori=0.0, pos=array([960., 540.]), size=array([60., 60.]), texRes=128.0, units='pix', win=Window(...))
7.6756 	EXP 	text: autoDraw = True
11.0431 	DATA 	Mouse: Left button down, pos=(1900,25)
11.1103 	DATA 	Mouse:  Left button up, pos=(1900,25)
13.1435 	DATA 	Keypress: space
13.1585 	EXP 	text: autoDraw = False
13.1585 	EXP 	corss_image: autoDraw = True
14.1429 	EXP 	Created sequence: sequential, trialTypes=1, nReps=5, seed=None
14.1431 	EXP 	New trial (rep=0, index=0): None
14.1584 	EXP 	corss_image: autoDraw = False
14.1584 	EXP 	corss_image: autoDraw = False
14.1584 	EXP 	saccade_image: autoDraw = True
14.6422 	EXP 	New trial (rep=1, index=0): None
14.6585 	EXP 	saccade_image: autoDraw = False
14.6585 	EXP 	saccade_image: autoDraw = False
14.6585 	EXP 	saccade_image: autoDraw = True
15.1426 	EXP 	New trial (rep=2, index=0): None
15.1584 	EXP 	saccade_image: autoDraw = False
15.1584 	EXP 	saccade_image: autoDraw = False
15.1584 	EXP 	saccade_image: autoDraw = True
15.6424 	EXP 	New trial (rep=3, index=0): None
15.6585 	EXP 	saccade_image: autoDraw = False
15.6585 	EXP 	saccade_image: autoDraw = False
15.6585 	EXP 	saccade_image: autoDraw = True
16.1428 	EXP 	New trial (rep=4, index=0): None
16.1584 	EXP 	saccade_image: autoDraw = False
16.1584 	EXP 	saccade_image: autoDraw = False
16.1584 	EXP 	saccade_image: autoDraw = True
16.6584 	EXP 	saccade_image: autoDraw = False
16.6584 	EXP 	saccade_image: autoDraw = False
16.6584 	EXP 	txt: autoDraw = True
22.3764 	DATA 	Keypress: space
22.3918 	EXP 	txt: autoDraw = False
22.3918 	EXP 	corss_image: autoDraw = True
23.3918 	EXP 	corss_image: autoDraw = False
23.3918 	EXP 	corss_image: autoDraw = False
23.3918 	EXP 	image_smooth: autoDraw = True
24.1770 	DATA 	Keypress: escape
24.8818 	EXP 	window1: mouseVisible = True
