1.0232 	WARNING 	We strongly recommend you activate the PTB sound engine in PsychoPy prefs as the preferred audio engine. Its timing is vastly superior. Your prefs are currently set to use ['sounddevice', 'PTB', 'pyo', 'pygame'] (in that order).
16.1332 	EXP 	Created window1 = Window(allowGUI=True, allowStencil=False, autoLog=True, backendConf=UNKNOWN, bitsMode=UNKNOWN, blendMode='avg', bpc=(8, 8, 8), color=array([1., 1., 1.]), colorSpace='rgb', depthBits=8, fullscr=<method-wrapper '__getattribute__' of attributeSetter object at 0x000001EC3E9BD490>, gamma=None, gammaErrorPolicy='raise', lms=UNKNOWN, monitor=<psychopy.monitors.calibTools.Monitor object at 0x000001EC4090F490>, multiSample=False, name='window1', numSamples=2, pos=(0, 0), screen=1, size=array([1920, 1080]), stencilBits=0, stereo=False, units='pix', useFBO=True, useRetina=False, viewOri=0.0, viewPos=None, viewScale=None, waitBlanking=True, winType='pyglet')
16.1333 	EXP 	window1: mouseVisible = True
16.1335 	EXP 	window1: mouseVisible = False
16.1335 	EXP 	window1: Attempting to measure frame rate of screen (1) ...
16.1335 	EXP 	window1: recordFrameIntervals = False
16.2986 	EXP 	window1: recordFrameIntervals = True
16.4818 	EXP 	Screen (1) actual frame rate measured at 60.13Hz
16.4819 	EXP 	window1: recordFrameIntervals = False
18.0383 	EXP 	Created text = TextStim(__class__=<class 'psychopy.visual.text.TextStim'>, alignHoriz=method-wrapper(...), alignText='center', alignVert=method-wrapper(...), anchorHoriz='center', anchorVert='center', antialias=True, autoDraw=False, autoLog=True, bold=False, color=array([-1., -1., -1.]), colorSpace='rgb', contrast=1.0, depth=0.0, flipHoriz=False, flipVert=False, font='Open Sans', fontFiles=[], height=50.05, italic=False, languageStyle='LTR', name='text', opacity=1.0, ori=0.0, pos=array([0., 0.]), rgb=UNKNOWN, text=str(...), units='pix', win=Window(...), wrapWidth=500)
18.2500 	EXP 	Created corss_image = ImageStim(__class__=<class 'psychopy.visual.image.ImageStim'>, anchor=('center', 'center'), autoLog=True, color=array([1, 1, 1]), colorSpace='rgb', contrast=1.0, depth=0.0, flipHoriz=False, flipVert=False, image=str(...), interpolate=True, mask=None, maskParams=None, name='corss_image', opacity=1.0, ori=0.0, pos=array([0., 0.]), size=array([1920., 1080.]), texRes=128.0, units='pix', win=Window(...))
18.4751 	EXP 	Created saccade_image = ImageStim(__class__=<class 'psychopy.visual.image.ImageStim'>, anchor=('center', 'center'), autoLog=True, color=array([1., 1., 1.]), colorSpace='rgb', contrast=1.0, depth=-1.0, flipHoriz=False, flipVert=False, image='stimuli/cat.png', interpolate=True, mask=None, maskParams=None, name='saccade_image', opacity=1.0, ori=0.0, pos=array([960., 540.]), size=array([220., 150.]), texRes=128.0, units='pix', win=Window(...))
18.4823 	EXP 	Created txt = TextStim(__class__=<class 'psychopy.visual.text.TextStim'>, alignHoriz=method-wrapper(...), alignText='center', alignVert=method-wrapper(...), anchorHoriz='center', anchorVert='center', antialias=True, autoDraw=False, autoLog=True, bold=False, color=array([-1., -1., -1.]), colorSpace='rgb', contrast=1.0, depth=0.0, flipHoriz=False, flipVert=False, font='Open Sans', fontFiles=[], height=50.05, italic=False, languageStyle='LTR', name='txt', opacity=1.0, ori=0.0, pos=array([0., 0.]), rgb=UNKNOWN, text=str(...), units='pix', win=Window(...), wrapWidth=500)
18.6987 	EXP 	Created corss_image = ImageStim(__class__=<class 'psychopy.visual.image.ImageStim'>, anchor=('center', 'center'), autoLog=True, color=array([1, 1, 1]), colorSpace='rgb', contrast=1.0, depth=0.0, flipHoriz=False, flipVert=False, image=str(...), interpolate=True, mask=None, maskParams=None, name='corss_image', opacity=1.0, ori=0.0, pos=array([0., 0.]), size=array([1920., 1080.]), texRes=128.0, units='pix', win=Window(...))
18.9247 	EXP 	Created image_smooth = ImageStim(__class__=<class 'psychopy.visual.image.ImageStim'>, anchor=('center', 'center'), autoLog=True, color=array([1., 1., 1.]), colorSpace='rgb', contrast=1.0, depth=-1.0, flipHoriz=False, flipVert=False, image='stimuli/cat.png', interpolate=True, mask=None, maskParams=None, name='image_smooth', opacity=1.0, ori=0.0, pos=array([960., 540.]), size=array([220., 150.]), texRes=128.0, units='pix', win=Window(...))
18.9465 	EXP 	Created img_circle = ImageStim(__class__=<class 'psychopy.visual.image.ImageStim'>, anchor=('center', 'center'), autoLog=True, color=array([1., 1., 1.]), colorSpace='rgb', contrast=1.0, depth=-1.0, flipHoriz=False, flipVert=False, image='stimuli/fb.jpg', interpolate=True, mask=None, maskParams=None, name='img_circle', opacity=1.0, ori=0.0, pos=array([960., 540.]), size=array([60., 60.]), texRes=128.0, units='pix', win=Window(...))
18.9653 	EXP 	text: autoDraw = True
30.8543 	DATA 	Keypress: space
30.8650 	EXP 	text: autoDraw = False
30.8650 	EXP 	corss_image: autoDraw = True
31.8507 	EXP 	Created sequence: sequential, trialTypes=1, nReps=5, seed=None
31.8509 	EXP 	New trial (rep=0, index=0): None
31.8655 	EXP 	corss_image: autoDraw = False
31.8655 	EXP 	corss_image: autoDraw = False
31.8655 	EXP 	saccade_image: autoDraw = True
32.3491 	EXP 	New trial (rep=1, index=0): None
32.3650 	EXP 	saccade_image: autoDraw = False
32.3650 	EXP 	saccade_image: autoDraw = False
32.3650 	EXP 	saccade_image: autoDraw = True
32.8489 	EXP 	New trial (rep=2, index=0): None
32.8652 	EXP 	saccade_image: autoDraw = False
32.8652 	EXP 	saccade_image: autoDraw = False
32.8652 	EXP 	saccade_image: autoDraw = True
33.3490 	EXP 	New trial (rep=3, index=0): None
33.3650 	EXP 	saccade_image: autoDraw = False
33.3650 	EXP 	saccade_image: autoDraw = False
33.3650 	EXP 	saccade_image: autoDraw = True
33.8492 	EXP 	New trial (rep=4, index=0): None
33.8653 	EXP 	saccade_image: autoDraw = False
33.8653 	EXP 	saccade_image: autoDraw = False
33.8653 	EXP 	saccade_image: autoDraw = True
34.3652 	EXP 	saccade_image: autoDraw = False
34.3652 	EXP 	saccade_image: autoDraw = False
34.3652 	EXP 	txt: autoDraw = True
43.3499 	DATA 	Keypress: space
43.3653 	EXP 	txt: autoDraw = False
43.3653 	EXP 	corss_image: autoDraw = True
44.3646 	EXP 	corss_image: autoDraw = False
44.3646 	EXP 	corss_image: autoDraw = False
44.3646 	EXP 	image_smooth: autoDraw = True
72.2833 	DATA 	Keypress: space
72.2983 	EXP 	image_smooth: autoDraw = False
72.2983 	EXP 	img_circle: autoDraw = True
84.3983 	EXP 	img_circle: autoDraw = False
84.4714 	EXP 	window1: mouseVisible = True
