1.0624 	WARNING 	We strongly recommend you activate the PTB sound engine in PsychoPy prefs as the preferred audio engine. Its timing is vastly superior. Your prefs are currently set to use ['sounddevice', 'PTB', 'pyo', 'pygame'] (in that order).
4.7987 	EXP 	Created window1 = Window(allowGUI=True, allowStencil=False, autoLog=True, backendConf=UNKNOWN, bitsMode=UNKNOWN, blendMode='avg', bpc=(8, 8, 8), color=array([1., 1., 1.]), colorSpace='rgb', depthBits=8, fullscr=<method-wrapper '__getattribute__' of attributeSetter object at 0x000001E8AE79F4C0>, gamma=None, gammaErrorPolicy='raise', lms=UNKNOWN, monitor=<psychopy.monitors.calibTools.Monitor object at 0x000001E8B0701490>, multiSample=False, name='window1', numSamples=2, pos=(0, 0), screen=1, size=array([1920, 1080]), stencilBits=0, stereo=False, units='pix', useFBO=True, useRetina=False, viewOri=0.0, viewPos=None, viewScale=None, waitBlanking=True, winType='pyglet')
4.7988 	EXP 	window1: mouseVisible = True
4.7989 	EXP 	window1: mouseVisible = False
4.7989 	EXP 	window1: Attempting to measure frame rate of screen (1) ...
4.7989 	EXP 	window1: recordFrameIntervals = False
4.9650 	EXP 	window1: recordFrameIntervals = True
5.1486 	EXP 	Screen (1) actual frame rate measured at 59.96Hz
5.1486 	EXP 	window1: recordFrameIntervals = False
6.4581 	EXP 	Created text = TextStim(__class__=<class 'psychopy.visual.text.TextStim'>, alignHoriz=method-wrapper(...), alignText='center', alignVert=method-wrapper(...), anchorHoriz='center', anchorVert='center', antialias=True, autoDraw=False, autoLog=True, bold=False, color=array([-1., -1., -1.]), colorSpace='rgb', contrast=1.0, depth=0.0, flipHoriz=False, flipVert=False, font='Open Sans', fontFiles=[], height=50.05, italic=False, languageStyle='LTR', name='text', opacity=1.0, ori=0.0, pos=array([0., 0.]), rgb=UNKNOWN, text=str(...), units='pix', win=Window(...), wrapWidth=500)
6.6831 	EXP 	Created corss_image = ImageStim(__class__=<class 'psychopy.visual.image.ImageStim'>, anchor=('center', 'center'), autoLog=True, color=array([1, 1, 1]), colorSpace='rgb', contrast=1.0, depth=0.0, flipHoriz=False, flipVert=False, image=str(...), interpolate=True, mask=None, maskParams=None, name='corss_image', opacity=1.0, ori=0.0, pos=array([0., 0.]), size=array([1920., 1080.]), texRes=128.0, units='pix', win=Window(...))
6.9124 	EXP 	Created saccade_image = ImageStim(__class__=<class 'psychopy.visual.image.ImageStim'>, anchor=('center', 'center'), autoLog=True, color=array([1., 1., 1.]), colorSpace='rgb', contrast=1.0, depth=-1.0, flipHoriz=False, flipVert=False, image='stimuli/cat.png', interpolate=True, mask=None, maskParams=None, name='saccade_image', opacity=1.0, ori=0.0, pos=array([960., 540.]), size=array([220., 150.]), texRes=128.0, units='pix', win=Window(...))
6.9189 	EXP 	Created txt = TextStim(__class__=<class 'psychopy.visual.text.TextStim'>, alignHoriz=method-wrapper(...), alignText='center', alignVert=method-wrapper(...), anchorHoriz='center', anchorVert='center', antialias=True, autoDraw=False, autoLog=True, bold=False, color=array([-1., -1., -1.]), colorSpace='rgb', contrast=1.0, depth=0.0, flipHoriz=False, flipVert=False, font='Open Sans', fontFiles=[], height=50.05, italic=False, languageStyle='LTR', name='txt', opacity=1.0, ori=0.0, pos=array([0., 0.]), rgb=UNKNOWN, text=str(...), units='pix', win=Window(...), wrapWidth=500)
7.1281 	EXP 	Created corss_image = ImageStim(__class__=<class 'psychopy.visual.image.ImageStim'>, anchor=('center', 'center'), autoLog=True, color=array([1, 1, 1]), colorSpace='rgb', contrast=1.0, depth=0.0, flipHoriz=False, flipVert=False, image=str(...), interpolate=True, mask=None, maskParams=None, name='corss_image', opacity=1.0, ori=0.0, pos=array([0., 0.]), size=array([1920., 1080.]), texRes=128.0, units='pix', win=Window(...))
7.3654 	EXP 	Created image_smooth = ImageStim(__class__=<class 'psychopy.visual.image.ImageStim'>, anchor=('center', 'center'), autoLog=True, color=array([1., 1., 1.]), colorSpace='rgb', contrast=1.0, depth=-1.0, flipHoriz=False, flipVert=False, image='stimuli/cat.png', interpolate=True, mask=None, maskParams=None, name='image_smooth', opacity=1.0, ori=0.0, pos=array([960., 540.]), size=array([220., 150.]), texRes=128.0, units='pix', win=Window(...))
7.3784 	EXP 	Created start_circleM = TextStim(__class__=<class 'psychopy.visual.text.TextStim'>, alignHoriz=method-wrapper(...), alignText='center', alignVert=method-wrapper(...), anchorHoriz='center', anchorVert='center', antialias=True, autoDraw=False, autoLog=True, bold=False, color=array([-1., -1., -1.]), colorSpace='rgb', contrast=1.0, depth=0.0, flipHoriz=False, flipVert=False, font='Open Sans', fontFiles=[], height=50.05, italic=False, languageStyle='LTR', name='start_circleM', opacity=1.0, ori=0.0, pos=array([0., 0.]), rgb=UNKNOWN, text=str(...), units='pix', win=Window(...), wrapWidth=500)
7.5785 	EXP 	Created cross_img_circle = ImageStim(__class__=<class 'psychopy.visual.image.ImageStim'>, anchor=('center', 'center'), autoLog=True, color=array([1, 1, 1]), colorSpace='rgb', contrast=1.0, depth=0.0, flipHoriz=False, flipVert=False, image=str(...), interpolate=True, mask=None, maskParams=None, name='cross_img_circle', opacity=1.0, ori=0.0, pos=array([0., 0.]), size=array([1920., 1080.]), texRes=128.0, units='pix', win=Window(...))
7.5957 	EXP 	Created img_circle = ImageStim(__class__=<class 'psychopy.visual.image.ImageStim'>, anchor=('center', 'center'), autoLog=True, color=array([1., 1., 1.]), colorSpace='rgb', contrast=1.0, depth=-1.0, flipHoriz=False, flipVert=False, image='stimuli/fb.jpg', interpolate=True, mask=None, maskParams=None, name='img_circle', opacity=1.0, ori=0.0, pos=array([960., 540.]), size=array([60., 60.]), texRes=128.0, units='pix', win=Window(...))
7.5974 	DATA 	Mouse: Left button down, pos=(1440,577)
7.5976 	DATA 	Mouse:  Left button up, pos=(1445,579)
7.6157 	EXP 	text: autoDraw = True
19.8497 	DATA 	Keypress: lalt
32.2691 	DATA 	Mouse: Left button down, pos=(450,611)
32.3544 	DATA 	Mouse:  Left button up, pos=(450,611)
98.5527 	DATA 	Mouse: Left button down, pos=(559,606)
98.6314 	DATA 	Mouse:  Left button up, pos=(559,606)
98.7661 	DATA 	Keypress: space
98.7811 	EXP 	text: autoDraw = False
98.7811 	EXP 	corss_image: autoDraw = True
99.7672 	EXP 	Created sequence: sequential, trialTypes=1, nReps=5, seed=None
99.7674 	EXP 	New trial (rep=0, index=0): None
99.7990 	EXP 	corss_image: autoDraw = False
99.7990 	EXP 	saccade_image: autoDraw = True
100.2817 	EXP 	New trial (rep=1, index=0): None
100.2981 	EXP 	saccade_image: autoDraw = False
100.2981 	EXP 	saccade_image: autoDraw = True
100.7822 	EXP 	New trial (rep=2, index=0): None
100.7982 	EXP 	saccade_image: autoDraw = False
100.7982 	EXP 	saccade_image: autoDraw = True
101.2820 	EXP 	New trial (rep=3, index=0): None
101.2980 	EXP 	saccade_image: autoDraw = False
101.2980 	EXP 	saccade_image: autoDraw = True
101.7818 	EXP 	New trial (rep=4, index=0): None
101.7981 	EXP 	saccade_image: autoDraw = False
101.7981 	EXP 	saccade_image: autoDraw = True
102.2980 	EXP 	saccade_image: autoDraw = False
102.2980 	EXP 	txt: autoDraw = True
112.3147 	EXP 	txt: autoDraw = False
112.3147 	EXP 	corss_image: autoDraw = True
113.3151 	EXP 	corss_image: autoDraw = False
113.3151 	EXP 	corss_image: autoDraw = False
113.3151 	EXP 	image_smooth: autoDraw = True
141.1151 	EXP 	image_smooth: autoDraw = False
141.1151 	EXP 	start_circleM: autoDraw = True
145.3519 	DATA 	Mouse: Left button down, pos=(498,754)
145.4498 	DATA 	Mouse:  Left button up, pos=(508,762)
157.0348 	DATA 	Mouse: Left button down, pos=(464,769)
157.1328 	DATA 	Mouse:  Left button up, pos=(466,770)
157.3662 	DATA 	Keypress: space
157.3813 	EXP 	start_circleM: autoDraw = False
157.3813 	EXP 	cross_img_circle: autoDraw = True
158.3810 	EXP 	cross_img_circle: autoDraw = False
158.3810 	EXP 	cross_img_circle: autoDraw = False
158.3810 	EXP 	img_circle: autoDraw = True
170.3978 	EXP 	img_circle: autoDraw = False
170.4060 	EXP 	window1: mouseVisible = True
