0.9499 	WARNING 	We strongly recommend you activate the PTB sound engine in PsychoPy prefs as the preferred audio engine. Its timing is vastly superior. Your prefs are currently set to use ['sounddevice', 'PTB', 'pyo', 'pygame'] (in that order).
8.3209 	EXP 	Created window1 = Window(allowGUI=True, allowStencil=False, autoLog=True, backendConf=UNKNOWN, bitsMode=UNKNOWN, blendMode='avg', bpc=(8, 8, 8), color=array([1., 1., 1.]), colorSpace='rgb', depthBits=8, fullscr=<method-wrapper '__getattribute__' of attributeSetter object at 0x00000217BA29D4F0>, gamma=None, gammaErrorPolicy='raise', lms=UNKNOWN, monitor=<psychopy.monitors.calibTools.Monitor object at 0x00000217BC1EF4C0>, multiSample=False, name='window1', numSamples=2, pos=(0, 0), screen=1, size=array([1920, 1080]), stencilBits=0, stereo=False, units='pix', useFBO=True, useRetina=False, viewOri=0.0, viewPos=None, viewScale=None, waitBlanking=True, winType='pyglet')
8.3210 	EXP 	window1: mouseVisible = True
8.3210 	EXP 	window1: mouseVisible = False
8.3211 	EXP 	window1: Attempting to measure frame rate of screen (1) ...
8.3211 	EXP 	window1: recordFrameIntervals = False
8.4884 	EXP 	window1: recordFrameIntervals = True
8.6707 	EXP 	Screen (1) actual frame rate measured at 60.51Hz
8.6707 	EXP 	window1: recordFrameIntervals = False
9.8661 	EXP 	Created text = TextStim(__class__=<class 'psychopy.visual.text.TextStim'>, alignHoriz=method-wrapper(...), alignText='center', alignVert=method-wrapper(...), anchorHoriz='center', anchorVert='center', antialias=True, autoDraw=False, autoLog=True, bold=False, color=array([-1., -1., -1.]), colorSpace='rgb', contrast=1.0, depth=0.0, flipHoriz=False, flipVert=False, font='Open Sans', fontFiles=[], height=50.05, italic=False, languageStyle='LTR', name='text', opacity=1.0, ori=0.0, pos=array([0., 0.]), rgb=UNKNOWN, text=str(...), units='pix', win=Window(...), wrapWidth=500)
10.0556 	EXP 	Created corss_image = ImageStim(__class__=<class 'psychopy.visual.image.ImageStim'>, anchor=('center', 'center'), autoLog=True, color=array([1, 1, 1]), colorSpace='rgb', contrast=1.0, depth=0.0, flipHoriz=False, flipVert=False, image=str(...), interpolate=True, mask=None, maskParams=None, name='corss_image', opacity=1.0, ori=0.0, pos=array([0., 0.]), size=array([1920., 1080.]), texRes=128.0, units='pix', win=Window(...))
10.2641 	EXP 	Created saccade_image = ImageStim(__class__=<class 'psychopy.visual.image.ImageStim'>, anchor=('center', 'center'), autoLog=True, color=array([1., 1., 1.]), colorSpace='rgb', contrast=1.0, depth=-1.0, flipHoriz=False, flipVert=False, image='stimuli/cat.png', interpolate=True, mask=None, maskParams=None, name='saccade_image', opacity=1.0, ori=0.0, pos=array([960., 540.]), size=array([220., 150.]), texRes=128.0, units='pix', win=Window(...))
10.2697 	EXP 	Created txt = TextStim(__class__=<class 'psychopy.visual.text.TextStim'>, alignHoriz=method-wrapper(...), alignText='center', alignVert=method-wrapper(...), anchorHoriz='center', anchorVert='center', antialias=True, autoDraw=False, autoLog=True, bold=False, color=array([-1., -1., -1.]), colorSpace='rgb', contrast=1.0, depth=0.0, flipHoriz=False, flipVert=False, font='Open Sans', fontFiles=[], height=50.05, italic=False, languageStyle='LTR', name='txt', opacity=1.0, ori=0.0, pos=array([0., 0.]), rgb=UNKNOWN, text=str(...), units='pix', win=Window(...), wrapWidth=500)
10.4555 	EXP 	Created corss_image = ImageStim(__class__=<class 'psychopy.visual.image.ImageStim'>, anchor=('center', 'center'), autoLog=True, color=array([1, 1, 1]), colorSpace='rgb', contrast=1.0, depth=0.0, flipHoriz=False, flipVert=False, image=str(...), interpolate=True, mask=None, maskParams=None, name='corss_image', opacity=1.0, ori=0.0, pos=array([0., 0.]), size=array([1920., 1080.]), texRes=128.0, units='pix', win=Window(...))
10.6695 	EXP 	Created image_smooth = ImageStim(__class__=<class 'psychopy.visual.image.ImageStim'>, anchor=('center', 'center'), autoLog=True, color=array([1., 1., 1.]), colorSpace='rgb', contrast=1.0, depth=-1.0, flipHoriz=False, flipVert=False, image='stimuli/cat.png', interpolate=True, mask=None, maskParams=None, name='image_smooth', opacity=1.0, ori=0.0, pos=array([960., 540.]), size=array([220., 150.]), texRes=128.0, units='pix', win=Window(...))
10.6839 	EXP 	Created img_circle = ImageStim(__class__=<class 'psychopy.visual.image.ImageStim'>, anchor=('center', 'center'), autoLog=True, color=array([1., 1., 1.]), colorSpace='rgb', contrast=1.0, depth=-1.0, flipHoriz=False, flipVert=False, image='stimuli/fb.jpg', interpolate=True, mask=None, maskParams=None, name='img_circle', opacity=1.0, ori=0.0, pos=array([960., 540.]), size=array([60., 60.]), texRes=128.0, units='pix', win=Window(...))
10.7039 	EXP 	text: autoDraw = True
11.0715 	DATA 	Mouse: Left button down, pos=(855,670)
11.1548 	DATA 	Mouse:  Left button up, pos=(855,670)
11.9417 	DATA 	Keypress: space
11.9537 	EXP 	text: autoDraw = False
11.9537 	EXP 	corss_image: autoDraw = True
12.9376 	EXP 	Created sequence: sequential, trialTypes=1, nReps=5, seed=None
12.9377 	EXP 	New trial (rep=0, index=0): None
12.9539 	EXP 	corss_image: autoDraw = False
12.9539 	EXP 	corss_image: autoDraw = False
12.9539 	EXP 	saccade_image: autoDraw = True
13.4375 	EXP 	New trial (rep=1, index=0): None
13.4537 	EXP 	saccade_image: autoDraw = False
13.4537 	EXP 	saccade_image: autoDraw = False
13.4537 	EXP 	saccade_image: autoDraw = True
13.9377 	EXP 	New trial (rep=2, index=0): None
13.9539 	EXP 	saccade_image: autoDraw = False
13.9539 	EXP 	saccade_image: autoDraw = False
13.9539 	EXP 	saccade_image: autoDraw = True
14.4376 	EXP 	New trial (rep=3, index=0): None
14.4538 	EXP 	saccade_image: autoDraw = False
14.4538 	EXP 	saccade_image: autoDraw = False
14.4538 	EXP 	saccade_image: autoDraw = True
14.9376 	EXP 	New trial (rep=4, index=0): None
14.9537 	EXP 	saccade_image: autoDraw = False
14.9537 	EXP 	saccade_image: autoDraw = False
14.9537 	EXP 	saccade_image: autoDraw = True
15.4537 	EXP 	saccade_image: autoDraw = False
15.4537 	EXP 	saccade_image: autoDraw = False
15.4537 	EXP 	txt: autoDraw = True
22.1551 	DATA 	Mouse: Left button down, pos=(1156,637)
22.2381 	DATA 	Mouse:  Left button up, pos=(1156,637)
22.8548 	DATA 	Keypress: escape
23.3238 	EXP 	window1: mouseVisible = True
