0.9442 	WARNING 	We strongly recommend you activate the PTB sound engine in PsychoPy prefs as the preferred audio engine. Its timing is vastly superior. Your prefs are currently set to use ['sounddevice', 'PTB', 'pyo', 'pygame'] (in that order).
4.9119 	EXP 	Created window1 = Window(allowGUI=True, allowStencil=False, autoLog=True, backendConf=UNKNOWN, bitsMode=UNKNOWN, blendMode='avg', bpc=(8, 8, 8), color=array([1., 1., 1.]), colorSpace='rgb', depthBits=8, fullscr=<method-wrapper '__getattribute__' of attributeSetter object at 0x0000025F7609D4F0>, gamma=None, gammaErrorPolicy='raise', lms=UNKNOWN, monitor=<psychopy.monitors.calibTools.Monitor object at 0x0000025F77FFF4F0>, multiSample=False, name='window1', numSamples=2, pos=(0, 0), screen=1, size=array([1920, 1080]), stencilBits=0, stereo=False, units='pix', useFBO=True, useRetina=False, viewOri=0.0, viewPos=None, viewScale=None, waitBlanking=True, winType='pyglet')
4.9120 	EXP 	window1: mouseVisible = True
4.9121 	EXP 	window1: mouseVisible = False
4.9121 	EXP 	window1: Attempting to measure frame rate of screen (1) ...
4.9121 	EXP 	window1: recordFrameIntervals = False
5.0781 	EXP 	window1: recordFrameIntervals = True
5.3447 	EXP 	Screen (1) actual frame rate measured at 60.82Hz
5.3447 	EXP 	window1: recordFrameIntervals = False
6.6486 	EXP 	Created text = TextStim(__class__=<class 'psychopy.visual.text.TextStim'>, alignHoriz=method-wrapper(...), alignText='center', alignVert=method-wrapper(...), anchorHoriz='center', anchorVert='center', antialias=True, autoDraw=False, autoLog=True, bold=False, color=array([-1., -1., -1.]), colorSpace='rgb', contrast=1.0, depth=0.0, flipHoriz=False, flipVert=False, font='Open Sans', fontFiles=[], height=50.05, italic=False, languageStyle='LTR', name='text', opacity=1.0, ori=0.0, pos=array([0., 0.]), rgb=UNKNOWN, text=str(...), units='pix', win=Window(...), wrapWidth=500)
6.8639 	EXP 	Created corss_image = ImageStim(__class__=<class 'psychopy.visual.image.ImageStim'>, anchor=('center', 'center'), autoLog=True, color=array([1, 1, 1]), colorSpace='rgb', contrast=1.0, depth=0.0, flipHoriz=False, flipVert=False, image=str(...), interpolate=True, mask=None, maskParams=None, name='corss_image', opacity=1.0, ori=0.0, pos=array([0., 0.]), size=array([1920., 1080.]), texRes=128.0, units='pix', win=Window(...))
7.0791 	EXP 	Created saccade_image = ImageStim(__class__=<class 'psychopy.visual.image.ImageStim'>, anchor=('center', 'center'), autoLog=True, color=array([1., 1., 1.]), colorSpace='rgb', contrast=1.0, depth=-1.0, flipHoriz=False, flipVert=False, image='stimuli/cat.png', interpolate=True, mask=None, maskParams=None, name='saccade_image', opacity=1.0, ori=0.0, pos=array([960., 540.]), size=array([220., 150.]), texRes=128.0, units='pix', win=Window(...))
7.0842 	EXP 	Created txt = TextStim(__class__=<class 'psychopy.visual.text.TextStim'>, alignHoriz=method-wrapper(...), alignText='center', alignVert=method-wrapper(...), anchorHoriz='center', anchorVert='center', antialias=True, autoDraw=False, autoLog=True, bold=False, color=array([-1., -1., -1.]), colorSpace='rgb', contrast=1.0, depth=0.0, flipHoriz=False, flipVert=False, font='Open Sans', fontFiles=[], height=50.05, italic=False, languageStyle='LTR', name='txt', opacity=1.0, ori=0.0, pos=array([0., 0.]), rgb=UNKNOWN, text=str(...), units='pix', win=Window(...), wrapWidth=500)
7.2720 	EXP 	Created corss_image = ImageStim(__class__=<class 'psychopy.visual.image.ImageStim'>, anchor=('center', 'center'), autoLog=True, color=array([1, 1, 1]), colorSpace='rgb', contrast=1.0, depth=0.0, flipHoriz=False, flipVert=False, image=str(...), interpolate=True, mask=None, maskParams=None, name='corss_image', opacity=1.0, ori=0.0, pos=array([0., 0.]), size=array([1920., 1080.]), texRes=128.0, units='pix', win=Window(...))
7.4829 	EXP 	Created image_smooth = ImageStim(__class__=<class 'psychopy.visual.image.ImageStim'>, anchor=('center', 'center'), autoLog=True, color=array([1., 1., 1.]), colorSpace='rgb', contrast=1.0, depth=-1.0, flipHoriz=False, flipVert=False, image='stimuli/cat.png', interpolate=True, mask=None, maskParams=None, name='image_smooth', opacity=1.0, ori=0.0, pos=array([960., 540.]), size=array([220., 150.]), texRes=128.0, units='pix', win=Window(...))
7.5003 	EXP 	Created img_circle = ImageStim(__class__=<class 'psychopy.visual.image.ImageStim'>, anchor=('center', 'center'), autoLog=True, color=array([1., 1., 1.]), colorSpace='rgb', contrast=1.0, depth=-1.0, flipHoriz=False, flipVert=False, image='stimuli/fb.jpg', interpolate=True, mask=None, maskParams=None, name='img_circle', opacity=1.0, ori=0.0, pos=array([960., 540.]), size=array([60., 60.]), texRes=128.0, units='pix', win=Window(...))
7.5113 	EXP 	text: autoDraw = True
9.0833 	DATA 	Keypress: space
9.0945 	EXP 	text: autoDraw = False
9.0945 	EXP 	corss_image: autoDraw = True
10.0786 	EXP 	Created sequence: sequential, trialTypes=1, nReps=5, seed=None
10.0788 	EXP 	New trial (rep=0, index=0): None
10.0945 	EXP 	corss_image: autoDraw = False
10.0945 	EXP 	corss_image: autoDraw = False
10.0945 	EXP 	saccade_image: autoDraw = True
10.5789 	EXP 	New trial (rep=1, index=0): None
10.5946 	EXP 	saccade_image: autoDraw = False
10.5946 	EXP 	saccade_image: autoDraw = False
10.5946 	EXP 	saccade_image: autoDraw = True
11.0786 	EXP 	New trial (rep=2, index=0): None
11.0945 	EXP 	saccade_image: autoDraw = False
11.0945 	EXP 	saccade_image: autoDraw = False
11.0945 	EXP 	saccade_image: autoDraw = True
11.5786 	EXP 	New trial (rep=3, index=0): None
11.5947 	EXP 	saccade_image: autoDraw = False
11.5947 	EXP 	saccade_image: autoDraw = False
11.5947 	EXP 	saccade_image: autoDraw = True
12.0786 	EXP 	New trial (rep=4, index=0): None
12.0945 	EXP 	saccade_image: autoDraw = False
12.0945 	EXP 	saccade_image: autoDraw = False
12.0945 	EXP 	saccade_image: autoDraw = True
12.5944 	EXP 	saccade_image: autoDraw = False
12.5944 	EXP 	saccade_image: autoDraw = False
12.5944 	EXP 	txt: autoDraw = True
16.4627 	DATA 	Keypress: escape
17.0661 	EXP 	window1: mouseVisible = True
