0.8349 	WARNING 	We strongly recommend you activate the PTB sound engine in PsychoPy prefs as the preferred audio engine. Its timing is vastly superior. Your prefs are currently set to use ['sounddevice', 'PTB', 'pyo', 'pygame'] (in that order).
7.4882 	EXP 	Created window1 = Window(allowGUI=True, allowStencil=False, autoLog=True, backendConf=UNKNOWN, bitsMode=UNKNOWN, blendMode='avg', bpc=(8, 8, 8), color=array([1., 1., 1.]), colorSpace='rgb', depthBits=8, fullscr=<method-wrapper '__getattribute__' of attributeSetter object at 0x000002365FE5E4C0>, gamma=None, gammaErrorPolicy='raise', lms=UNKNOWN, monitor=<psychopy.monitors.calibTools.Monitor object at 0x0000023661DBF4F0>, multiSample=False, name='window1', numSamples=2, pos=(0, 0), screen=1, size=array([1920, 1080]), stencilBits=0, stereo=False, units='pix', useFBO=True, useRetina=False, viewOri=0.0, viewPos=None, viewScale=None, waitBlanking=True, winType='pyglet')
7.4883 	EXP 	window1: mouseVisible = True
7.4883 	EXP 	window1: mouseVisible = False
7.4883 	EXP 	window1: Attempting to measure frame rate of screen (1) ...
7.4883 	EXP 	window1: recordFrameIntervals = False
7.6544 	EXP 	window1: recordFrameIntervals = True
7.8379 	EXP 	Screen (1) actual frame rate measured at 59.98Hz
7.8379 	EXP 	window1: recordFrameIntervals = False
9.1592 	EXP 	Created text = TextStim(__class__=<class 'psychopy.visual.text.TextStim'>, alignHoriz=method-wrapper(...), alignText='center', alignVert=method-wrapper(...), anchorHoriz='center', anchorVert='center', antialias=True, autoDraw=False, autoLog=True, bold=False, color=array([-1., -1., -1.]), colorSpace='rgb', contrast=1.0, depth=0.0, flipHoriz=False, flipVert=False, font='Open Sans', fontFiles=[], height=50.05, italic=False, languageStyle='LTR', name='text', opacity=1.0, ori=0.0, pos=array([0., 0.]), rgb=UNKNOWN, text=str(...), units='pix', win=Window(...), wrapWidth=500)
9.3869 	EXP 	Created corss_image = ImageStim(__class__=<class 'psychopy.visual.image.ImageStim'>, anchor=('center', 'center'), autoLog=True, color=array([1, 1, 1]), colorSpace='rgb', contrast=1.0, depth=0.0, flipHoriz=False, flipVert=False, image=str(...), interpolate=True, mask=None, maskParams=None, name='corss_image', opacity=1.0, ori=0.0, pos=array([0., 0.]), size=array([1920., 1080.]), texRes=128.0, units='pix', win=Window(...))
9.5938 	EXP 	Created saccade_image = ImageStim(__class__=<class 'psychopy.visual.image.ImageStim'>, anchor=('center', 'center'), autoLog=True, color=array([1., 1., 1.]), colorSpace='rgb', contrast=1.0, depth=-1.0, flipHoriz=False, flipVert=False, image='stimuli/cat.png', interpolate=True, mask=None, maskParams=None, name='saccade_image', opacity=1.0, ori=0.0, pos=array([960., 540.]), size=array([220., 150.]), texRes=128.0, units='pix', win=Window(...))
9.5989 	EXP 	Created txt = TextStim(__class__=<class 'psychopy.visual.text.TextStim'>, alignHoriz=method-wrapper(...), alignText='center', alignVert=method-wrapper(...), anchorHoriz='center', anchorVert='center', antialias=True, autoDraw=False, autoLog=True, bold=False, color=array([-1., -1., -1.]), colorSpace='rgb', contrast=1.0, depth=0.0, flipHoriz=False, flipVert=False, font='Open Sans', fontFiles=[], height=50.05, italic=False, languageStyle='LTR', name='txt', opacity=1.0, ori=0.0, pos=array([0., 0.]), rgb=UNKNOWN, text=str(...), units='pix', win=Window(...), wrapWidth=500)
9.7786 	EXP 	Created corss_image = ImageStim(__class__=<class 'psychopy.visual.image.ImageStim'>, anchor=('center', 'center'), autoLog=True, color=array([1, 1, 1]), colorSpace='rgb', contrast=1.0, depth=0.0, flipHoriz=False, flipVert=False, image=str(...), interpolate=True, mask=None, maskParams=None, name='corss_image', opacity=1.0, ori=0.0, pos=array([0., 0.]), size=array([1920., 1080.]), texRes=128.0, units='pix', win=Window(...))
9.9785 	EXP 	Created image_smooth = ImageStim(__class__=<class 'psychopy.visual.image.ImageStim'>, anchor=('center', 'center'), autoLog=True, color=array([1., 1., 1.]), colorSpace='rgb', contrast=1.0, depth=-1.0, flipHoriz=False, flipVert=False, image='stimuli/cat.png', interpolate=True, mask=None, maskParams=None, name='image_smooth', opacity=1.0, ori=0.0, pos=array([960., 540.]), size=array([220., 150.]), texRes=128.0, units='pix', win=Window(...))
9.9970 	EXP 	Created img_circle = ImageStim(__class__=<class 'psychopy.visual.image.ImageStim'>, anchor=('center', 'center'), autoLog=True, color=array([1., 1., 1.]), colorSpace='rgb', contrast=1.0, depth=-1.0, flipHoriz=False, flipVert=False, image='stimuli/fb.jpg', interpolate=True, mask=None, maskParams=None, name='img_circle', opacity=1.0, ori=0.0, pos=array([960., 540.]), size=array([60., 60.]), texRes=128.0, units='pix', win=Window(...))
9.9988 	DATA 	Mouse: Left button down, pos=(824,659)
9.9995 	DATA 	Mouse:  Left button up, pos=(824,659)
10.0041 	EXP 	text: autoDraw = True
10.5893 	DATA 	Keypress: space
10.6208 	EXP 	text: autoDraw = False
10.6208 	EXP 	corss_image: autoDraw = True
11.6209 	EXP 	corss_image: autoDraw = False
11.6209 	EXP 	corss_image: autoDraw = False
11.6209 	EXP 	saccade_image: autoDraw = True
11.7543 	EXP 	saccade_image: autoDraw = False
11.7543 	EXP 	txt: autoDraw = True
12.6556 	DATA 	Keypress: space
12.6709 	EXP 	txt: autoDraw = False
12.6709 	EXP 	corss_image: autoDraw = True
13.6709 	EXP 	corss_image: autoDraw = False
13.6709 	EXP 	corss_image: autoDraw = False
13.6709 	EXP 	image_smooth: autoDraw = True
14.2395 	DATA 	Keypress: escape
14.5756 	EXP 	window1: mouseVisible = True
