1.0486 	WARNING 	We strongly recommend you activate the PTB sound engine in PsychoPy prefs as the preferred audio engine. Its timing is vastly superior. Your prefs are currently set to use ['sounddevice', 'PTB', 'pyo', 'pygame'] (in that order).
4.9057 	EXP 	Created window1 = Window(allowGUI=True, allowStencil=False, autoLog=True, backendConf=UNKNOWN, bitsMode=UNKNOWN, blendMode='avg', bpc=(8, 8, 8), color=array([1., 1., 1.]), colorSpace='rgb', depthBits=8, fullscr=<method-wrapper '__getattribute__' of attributeSetter object at 0x0000025537DFE4F0>, gamma=None, gammaErrorPolicy='raise', lms=UNKNOWN, monitor=<psychopy.monitors.calibTools.Monitor object at 0x0000025539D624C0>, multiSample=False, name='window1', numSamples=2, pos=(0, 0), screen=1, size=array([1920, 1080]), stencilBits=0, stereo=False, units='pix', useFBO=True, useRetina=False, viewOri=0.0, viewPos=None, viewScale=None, waitBlanking=True, winType='pyglet')
4.9058 	EXP 	window1: mouseVisible = True
4.9059 	EXP 	window1: mouseVisible = False
4.9059 	EXP 	window1: Attempting to measure frame rate of screen (1) ...
4.9059 	EXP 	window1: recordFrameIntervals = False
5.0721 	EXP 	window1: recordFrameIntervals = True
5.2557 	EXP 	Screen (1) actual frame rate measured at 60.41Hz
5.2557 	EXP 	window1: recordFrameIntervals = False
6.8287 	EXP 	Created text = TextStim(__class__=<class 'psychopy.visual.text.TextStim'>, alignHoriz=method-wrapper(...), alignText='center', alignVert=method-wrapper(...), anchorHoriz='center', anchorVert='center', antialias=True, autoDraw=False, autoLog=True, bold=False, color=array([-1., -1., -1.]), colorSpace='rgb', contrast=1.0, depth=0.0, flipHoriz=False, flipVert=False, font='Open Sans', fontFiles=[], height=50.05, italic=False, languageStyle='LTR', name='text', opacity=1.0, ori=0.0, pos=array([0., 0.]), rgb=UNKNOWN, text=str(...), units='pix', win=Window(...), wrapWidth=500)
7.0362 	EXP 	Created corss_image = ImageStim(__class__=<class 'psychopy.visual.image.ImageStim'>, anchor=('center', 'center'), autoLog=True, color=array([1, 1, 1]), colorSpace='rgb', contrast=1.0, depth=0.0, flipHoriz=False, flipVert=False, image=str(...), interpolate=True, mask=None, maskParams=None, name='corss_image', opacity=1.0, ori=0.0, pos=array([0., 0.]), size=array([1920., 1080.]), texRes=128.0, units='pix', win=Window(...))
7.2519 	EXP 	Created saccade_image = ImageStim(__class__=<class 'psychopy.visual.image.ImageStim'>, anchor=('center', 'center'), autoLog=True, color=array([1., 1., 1.]), colorSpace='rgb', contrast=1.0, depth=-1.0, flipHoriz=False, flipVert=False, image='stimuli/cat.png', interpolate=True, mask=None, maskParams=None, name='saccade_image', opacity=1.0, ori=0.0, pos=array([960., 540.]), size=array([220., 150.]), texRes=128.0, units='pix', win=Window(...))
7.2576 	EXP 	Created txt = TextStim(__class__=<class 'psychopy.visual.text.TextStim'>, alignHoriz=method-wrapper(...), alignText='center', alignVert=method-wrapper(...), anchorHoriz='center', anchorVert='center', antialias=True, autoDraw=False, autoLog=True, bold=False, color=array([-1., -1., -1.]), colorSpace='rgb', contrast=1.0, depth=0.0, flipHoriz=False, flipVert=False, font='Open Sans', fontFiles=[], height=50.05, italic=False, languageStyle='LTR', name='txt', opacity=1.0, ori=0.0, pos=array([0., 0.]), rgb=UNKNOWN, text=str(...), units='pix', win=Window(...), wrapWidth=500)
7.4396 	EXP 	Created corss_image = ImageStim(__class__=<class 'psychopy.visual.image.ImageStim'>, anchor=('center', 'center'), autoLog=True, color=array([1, 1, 1]), colorSpace='rgb', contrast=1.0, depth=0.0, flipHoriz=False, flipVert=False, image=str(...), interpolate=True, mask=None, maskParams=None, name='corss_image', opacity=1.0, ori=0.0, pos=array([0., 0.]), size=array([1920., 1080.]), texRes=128.0, units='pix', win=Window(...))
7.6492 	EXP 	Created image_smooth = ImageStim(__class__=<class 'psychopy.visual.image.ImageStim'>, anchor=('center', 'center'), autoLog=True, color=array([1., 1., 1.]), colorSpace='rgb', contrast=1.0, depth=-1.0, flipHoriz=False, flipVert=False, image='stimuli/cat.png', interpolate=True, mask=None, maskParams=None, name='image_smooth', opacity=1.0, ori=0.0, pos=array([960., 540.]), size=array([220., 150.]), texRes=128.0, units='pix', win=Window(...))
7.6621 	EXP 	Created start_circleM = TextStim(__class__=<class 'psychopy.visual.text.TextStim'>, alignHoriz=method-wrapper(...), alignText='center', alignVert=method-wrapper(...), anchorHoriz='center', anchorVert='center', antialias=True, autoDraw=False, autoLog=True, bold=False, color=array([-1., -1., -1.]), colorSpace='rgb', contrast=1.0, depth=0.0, flipHoriz=False, flipVert=False, font='Open Sans', fontFiles=[], height=50.05, italic=False, languageStyle='LTR', name='start_circleM', opacity=1.0, ori=0.0, pos=array([0., 0.]), rgb=UNKNOWN, text=str(...), units='pix', win=Window(...), wrapWidth=500)
7.8385 	EXP 	Created cross_img_circle = ImageStim(__class__=<class 'psychopy.visual.image.ImageStim'>, anchor=('center', 'center'), autoLog=True, color=array([1, 1, 1]), colorSpace='rgb', contrast=1.0, depth=0.0, flipHoriz=False, flipVert=False, image=str(...), interpolate=True, mask=None, maskParams=None, name='cross_img_circle', opacity=1.0, ori=0.0, pos=array([0., 0.]), size=array([1920., 1080.]), texRes=128.0, units='pix', win=Window(...))
7.8943 	EXP 	Created img_circle = ImageStim(__class__=<class 'psychopy.visual.image.ImageStim'>, anchor=('center', 'center'), autoLog=True, color=array([1., 1., 1.]), colorSpace='rgb', contrast=1.0, depth=-1.0, flipHoriz=False, flipVert=False, image='stimuli/Pan_Blue_Circle.png', interpolate=True, mask=None, maskParams=None, name='img_circle', opacity=1.0, ori=0.0, pos=array([960., 540.]), size=array([60., 60.]), texRes=128.0, units='pix', win=Window(...))
7.9065 	EXP 	text: autoDraw = True
9.4909 	DATA 	Keypress: space
9.5050 	EXP 	text: autoDraw = False
9.5050 	EXP 	corss_image: autoDraw = True
10.4899 	EXP 	Created sequence: sequential, trialTypes=1, nReps=5, seed=None
10.4901 	EXP 	New trial (rep=0, index=0): None
10.5049 	EXP 	corss_image: autoDraw = False
10.5049 	EXP 	corss_image: autoDraw = False
10.5049 	EXP 	saccade_image: autoDraw = True
10.9893 	EXP 	New trial (rep=1, index=0): None
11.0050 	EXP 	saccade_image: autoDraw = False
11.0050 	EXP 	saccade_image: autoDraw = False
11.0050 	EXP 	saccade_image: autoDraw = True
11.4921 	EXP 	New trial (rep=2, index=0): None
11.5054 	EXP 	saccade_image: autoDraw = False
11.5054 	EXP 	saccade_image: autoDraw = True
11.7406 	DATA 	Keypress: space
11.9895 	EXP 	New trial (rep=3, index=0): None
12.0055 	EXP 	saccade_image: autoDraw = False
12.0055 	EXP 	saccade_image: autoDraw = True
12.4914 	EXP 	New trial (rep=4, index=0): None
12.5055 	EXP 	saccade_image: autoDraw = False
12.5055 	EXP 	saccade_image: autoDraw = True
13.0053 	EXP 	saccade_image: autoDraw = False
13.0053 	EXP 	txt: autoDraw = True
13.4068 	DATA 	Keypress: space
13.4222 	EXP 	txt: autoDraw = False
13.4222 	EXP 	corss_image: autoDraw = True
14.4249 	EXP 	corss_image: autoDraw = False
14.4249 	EXP 	corss_image: autoDraw = False
14.4249 	EXP 	image_smooth: autoDraw = True
14.8070 	DATA 	Keypress: space
14.8222 	EXP 	image_smooth: autoDraw = False
14.8222 	EXP 	start_circleM: autoDraw = True
15.3069 	DATA 	Keypress: space
15.3223 	EXP 	start_circleM: autoDraw = False
15.3223 	EXP 	cross_img_circle: autoDraw = True
16.0231 	DATA 	Keypress: space
16.3244 	EXP 	cross_img_circle: autoDraw = False
16.3244 	EXP 	cross_img_circle: autoDraw = False
16.3244 	EXP 	img_circle: autoDraw = True
28.2401 	DATA 	Keypress: escape
28.3386 	EXP 	img_circle: autoDraw = False
28.4122 	EXP 	window1: mouseVisible = True
