1.1136 	WARNING 	We strongly recommend you activate the PTB sound engine in PsychoPy prefs as the preferred audio engine. Its timing is vastly superior. Your prefs are currently set to use ['sounddevice', 'PTB', 'pyo', 'pygame'] (in that order).
4.8429 	EXP 	Created window1 = Window(allowGUI=True, allowStencil=False, autoLog=True, backendConf=UNKNOWN, bitsMode=UNKNOWN, blendMode='avg', bpc=(8, 8, 8), color=array([1., 1., 1.]), colorSpace='rgb', depthBits=8, fullscr=<method-wrapper '__getattribute__' of attributeSetter object at 0x00000256658EE520>, gamma=None, gammaErrorPolicy='raise', lms=UNKNOWN, monitor=<psychopy.monitors.calibTools.Monitor object at 0x0000025667852550>, multiSample=False, name='window1', numSamples=2, pos=(0, 0), screen=1, size=array([1920, 1080]), stencilBits=0, stereo=False, units='pix', useFBO=True, useRetina=False, viewOri=0.0, viewPos=None, viewScale=None, waitBlanking=True, winType='pyglet')
4.8430 	EXP 	window1: mouseVisible = True
4.8431 	EXP 	window1: mouseVisible = False
4.8431 	EXP 	window1: Attempting to measure frame rate of screen (1) ...
4.8431 	EXP 	window1: recordFrameIntervals = False
5.0091 	EXP 	window1: recordFrameIntervals = True
5.1926 	EXP 	Screen (1) actual frame rate measured at 60.00Hz
5.1927 	EXP 	window1: recordFrameIntervals = False
6.6256 	EXP 	Created text = TextStim(__class__=<class 'psychopy.visual.text.TextStim'>, alignHoriz=method-wrapper(...), alignText='center', alignVert=method-wrapper(...), anchorHoriz='center', anchorVert='center', antialias=True, autoDraw=False, autoLog=True, bold=False, color=array([-1., -1., -1.]), colorSpace='rgb', contrast=1.0, depth=0.0, flipHoriz=False, flipVert=False, font='Open Sans', fontFiles=[], height=50.05, italic=False, languageStyle='LTR', name='text', opacity=1.0, ori=0.0, pos=array([0., 0.]), rgb=UNKNOWN, text=str(...), units='pix', win=Window(...), wrapWidth=500)
6.8472 	EXP 	Created corss_image = ImageStim(__class__=<class 'psychopy.visual.image.ImageStim'>, anchor=('center', 'center'), autoLog=True, color=array([1, 1, 1]), colorSpace='rgb', contrast=1.0, depth=0.0, flipHoriz=False, flipVert=False, image=str(...), interpolate=True, mask=None, maskParams=None, name='corss_image', opacity=1.0, ori=0.0, pos=array([0., 0.]), size=array([1920., 1080.]), texRes=128.0, units='pix', win=Window(...))
7.0839 	EXP 	Created saccade_image = ImageStim(__class__=<class 'psychopy.visual.image.ImageStim'>, anchor=('center', 'center'), autoLog=True, color=array([1., 1., 1.]), colorSpace='rgb', contrast=1.0, depth=-1.0, flipHoriz=False, flipVert=False, image='stimuli/cat.png', interpolate=True, mask=None, maskParams=None, name='saccade_image', opacity=1.0, ori=0.0, pos=array([960., 540.]), size=array([220., 150.]), texRes=128.0, units='pix', win=Window(...))
7.0903 	EXP 	Created txt = TextStim(__class__=<class 'psychopy.visual.text.TextStim'>, alignHoriz=method-wrapper(...), alignText='center', alignVert=method-wrapper(...), anchorHoriz='center', anchorVert='center', antialias=True, autoDraw=False, autoLog=True, bold=False, color=array([-1., -1., -1.]), colorSpace='rgb', contrast=1.0, depth=0.0, flipHoriz=False, flipVert=False, font='Open Sans', fontFiles=[], height=50.05, italic=False, languageStyle='LTR', name='txt', opacity=1.0, ori=0.0, pos=array([0., 0.]), rgb=UNKNOWN, text=str(...), units='pix', win=Window(...), wrapWidth=500)
7.2925 	EXP 	Created corss_image = ImageStim(__class__=<class 'psychopy.visual.image.ImageStim'>, anchor=('center', 'center'), autoLog=True, color=array([1, 1, 1]), colorSpace='rgb', contrast=1.0, depth=0.0, flipHoriz=False, flipVert=False, image=str(...), interpolate=True, mask=None, maskParams=None, name='corss_image', opacity=1.0, ori=0.0, pos=array([0., 0.]), size=array([1920., 1080.]), texRes=128.0, units='pix', win=Window(...))
7.5204 	EXP 	Created image_smooth = ImageStim(__class__=<class 'psychopy.visual.image.ImageStim'>, anchor=('center', 'center'), autoLog=True, color=array([1., 1., 1.]), colorSpace='rgb', contrast=1.0, depth=-1.0, flipHoriz=False, flipVert=False, image='stimuli/cat.png', interpolate=True, mask=None, maskParams=None, name='image_smooth', opacity=1.0, ori=0.0, pos=array([960., 540.]), size=array([220., 150.]), texRes=128.0, units='pix', win=Window(...))
7.5354 	EXP 	Created start_circleM = TextStim(__class__=<class 'psychopy.visual.text.TextStim'>, alignHoriz=method-wrapper(...), alignText='center', alignVert=method-wrapper(...), anchorHoriz='center', anchorVert='center', antialias=True, autoDraw=False, autoLog=True, bold=False, color=array([-1., -1., -1.]), colorSpace='rgb', contrast=1.0, depth=0.0, flipHoriz=False, flipVert=False, font='Open Sans', fontFiles=[], height=50.05, italic=False, languageStyle='LTR', name='start_circleM', opacity=1.0, ori=0.0, pos=array([0., 0.]), rgb=UNKNOWN, text=str(...), units='pix', win=Window(...), wrapWidth=500)
7.7293 	EXP 	Created cross_img_circle = ImageStim(__class__=<class 'psychopy.visual.image.ImageStim'>, anchor=('center', 'center'), autoLog=True, color=array([1, 1, 1]), colorSpace='rgb', contrast=1.0, depth=0.0, flipHoriz=False, flipVert=False, image=str(...), interpolate=True, mask=None, maskParams=None, name='cross_img_circle', opacity=1.0, ori=0.0, pos=array([0., 0.]), size=array([1920., 1080.]), texRes=128.0, units='pix', win=Window(...))
7.7861 	EXP 	Created img_circle = ImageStim(__class__=<class 'psychopy.visual.image.ImageStim'>, anchor=('center', 'center'), autoLog=True, color=array([1., 1., 1.]), colorSpace='rgb', contrast=1.0, depth=-1.0, flipHoriz=False, flipVert=False, image='stimuli/Pan_Blue_Circle.png', interpolate=True, mask=None, maskParams=None, name='img_circle', opacity=1.0, ori=0.0, pos=array([960., 540.]), size=array([60., 60.]), texRes=128.0, units='pix', win=Window(...))
7.7930 	EXP 	text: autoDraw = True
12.1772 	DATA 	Mouse: Left button down, pos=(1919,1)
12.2936 	DATA 	Mouse:  Left button up, pos=(1919,1)
15.0445 	DATA 	Keypress: space
15.0588 	EXP 	text: autoDraw = False
15.0588 	EXP 	corss_image: autoDraw = True
16.0431 	EXP 	Created sequence: sequential, trialTypes=1, nReps=5, seed=None
16.0433 	EXP 	New trial (rep=0, index=0): None
16.0589 	EXP 	corss_image: autoDraw = False
16.0589 	EXP 	corss_image: autoDraw = False
16.0589 	EXP 	saccade_image: autoDraw = True
16.5430 	EXP 	New trial (rep=1, index=0): None
16.5589 	EXP 	saccade_image: autoDraw = False
16.5589 	EXP 	saccade_image: autoDraw = False
16.5589 	EXP 	saccade_image: autoDraw = True
17.0429 	EXP 	New trial (rep=2, index=0): None
17.0591 	EXP 	saccade_image: autoDraw = False
17.0591 	EXP 	saccade_image: autoDraw = False
17.0591 	EXP 	saccade_image: autoDraw = True
17.5428 	EXP 	New trial (rep=3, index=0): None
17.5589 	EXP 	saccade_image: autoDraw = False
17.5589 	EXP 	saccade_image: autoDraw = False
17.5589 	EXP 	saccade_image: autoDraw = True
18.0430 	EXP 	New trial (rep=4, index=0): None
18.0589 	EXP 	saccade_image: autoDraw = False
18.0589 	EXP 	saccade_image: autoDraw = False
18.0589 	EXP 	saccade_image: autoDraw = True
18.5589 	EXP 	saccade_image: autoDraw = False
18.5589 	EXP 	saccade_image: autoDraw = False
18.5589 	EXP 	txt: autoDraw = True
21.4435 	DATA 	Keypress: space
21.4589 	EXP 	txt: autoDraw = False
21.4589 	EXP 	corss_image: autoDraw = True
22.4588 	EXP 	corss_image: autoDraw = False
22.4588 	EXP 	corss_image: autoDraw = False
22.4588 	EXP 	image_smooth: autoDraw = True
49.4101 	DATA 	Keypress: space
49.4254 	EXP 	image_smooth: autoDraw = False
49.4254 	EXP 	start_circleM: autoDraw = True
54.9601 	DATA 	Keypress: space
54.9754 	EXP 	start_circleM: autoDraw = False
54.9754 	EXP 	cross_img_circle: autoDraw = True
55.9754 	EXP 	cross_img_circle: autoDraw = False
55.9754 	EXP 	cross_img_circle: autoDraw = False
55.9754 	EXP 	img_circle: autoDraw = True
67.9920 	EXP 	img_circle: autoDraw = False
68.0664 	EXP 	window1: mouseVisible = True
