1.1272 	WARNING 	We strongly recommend you activate the PTB sound engine in PsychoPy prefs as the preferred audio engine. Its timing is vastly superior. Your prefs are currently set to use ['sounddevice', 'PTB', 'pyo', 'pygame'] (in that order).
5.6794 	EXP 	Created window1 = Window(allowGUI=True, allowStencil=False, autoLog=True, backendConf=UNKNOWN, bitsMode=UNKNOWN, blendMode='avg', bpc=(8, 8, 8), color=array([1., 1., 1.]), colorSpace='rgb', depthBits=8, fullscr=<method-wrapper '__getattribute__' of attributeSetter object at 0x000002552ED1F4F0>, gamma=None, gammaErrorPolicy='raise', lms=UNKNOWN, monitor=<psychopy.monitors.calibTools.Monitor object at 0x0000025530C7F4F0>, multiSample=False, name='window1', numSamples=2, pos=(0, 0), screen=1, size=array([1920, 1080]), stencilBits=0, stereo=False, units='pix', useFBO=True, useRetina=False, viewOri=0.0, viewPos=None, viewScale=None, waitBlanking=True, winType='pyglet')
5.6795 	EXP 	window1: mouseVisible = True
5.6796 	EXP 	window1: mouseVisible = False
5.6796 	EXP 	window1: Attempting to measure frame rate of screen (1) ...
5.6796 	EXP 	window1: recordFrameIntervals = False
5.8448 	EXP 	window1: recordFrameIntervals = True
6.0284 	EXP 	Screen (1) actual frame rate measured at 60.02Hz
6.0284 	EXP 	window1: recordFrameIntervals = False
7.7344 	EXP 	Created text = TextStim(__class__=<class 'psychopy.visual.text.TextStim'>, alignHoriz=method-wrapper(...), alignText='center', alignVert=method-wrapper(...), anchorHoriz='center', anchorVert='center', antialias=True, autoDraw=False, autoLog=True, bold=False, color=array([-1., -1., -1.]), colorSpace='rgb', contrast=1.0, depth=0.0, flipHoriz=False, flipVert=False, font='Open Sans', fontFiles=[], height=50.05, italic=False, languageStyle='LTR', name='text', opacity=1.0, ori=0.0, pos=array([0., 0.]), rgb=UNKNOWN, text=str(...), units='pix', win=Window(...), wrapWidth=500)
7.9444 	EXP 	Created corss_image = ImageStim(__class__=<class 'psychopy.visual.image.ImageStim'>, anchor=('center', 'center'), autoLog=True, color=array([1, 1, 1]), colorSpace='rgb', contrast=1.0, depth=0.0, flipHoriz=False, flipVert=False, image=str(...), interpolate=True, mask=None, maskParams=None, name='corss_image', opacity=1.0, ori=0.0, pos=array([0., 0.]), size=array([1920., 1080.]), texRes=128.0, units='pix', win=Window(...))
8.1728 	EXP 	Created saccade_image = ImageStim(__class__=<class 'psychopy.visual.image.ImageStim'>, anchor=('center', 'center'), autoLog=True, color=array([1., 1., 1.]), colorSpace='rgb', contrast=1.0, depth=-1.0, flipHoriz=False, flipVert=False, image='stimuli/cat.png', interpolate=True, mask=None, maskParams=None, name='saccade_image', opacity=1.0, ori=0.0, pos=array([960., 540.]), size=array([220., 150.]), texRes=128.0, units='pix', win=Window(...))
8.1795 	EXP 	Created txt = TextStim(__class__=<class 'psychopy.visual.text.TextStim'>, alignHoriz=method-wrapper(...), alignText='center', alignVert=method-wrapper(...), anchorHoriz='center', anchorVert='center', antialias=True, autoDraw=False, autoLog=True, bold=False, color=array([-1., -1., -1.]), colorSpace='rgb', contrast=1.0, depth=0.0, flipHoriz=False, flipVert=False, font='Open Sans', fontFiles=[], height=50.05, italic=False, languageStyle='LTR', name='txt', opacity=1.0, ori=0.0, pos=array([0., 0.]), rgb=UNKNOWN, text=str(...), units='pix', win=Window(...), wrapWidth=500)
8.3668 	EXP 	Created corss_image = ImageStim(__class__=<class 'psychopy.visual.image.ImageStim'>, anchor=('center', 'center'), autoLog=True, color=array([1, 1, 1]), colorSpace='rgb', contrast=1.0, depth=0.0, flipHoriz=False, flipVert=False, image=str(...), interpolate=True, mask=None, maskParams=None, name='corss_image', opacity=1.0, ori=0.0, pos=array([0., 0.]), size=array([1920., 1080.]), texRes=128.0, units='pix', win=Window(...))
8.5824 	EXP 	Created image_smooth = ImageStim(__class__=<class 'psychopy.visual.image.ImageStim'>, anchor=('center', 'center'), autoLog=True, color=array([1., 1., 1.]), colorSpace='rgb', contrast=1.0, depth=-1.0, flipHoriz=False, flipVert=False, image='stimuli/cat.png', interpolate=True, mask=None, maskParams=None, name='image_smooth', opacity=1.0, ori=0.0, pos=array([960., 540.]), size=array([220., 150.]), texRes=128.0, units='pix', win=Window(...))
8.5978 	EXP 	Created start_circleM = TextStim(__class__=<class 'psychopy.visual.text.TextStim'>, alignHoriz=method-wrapper(...), alignText='center', alignVert=method-wrapper(...), anchorHoriz='center', anchorVert='center', antialias=True, autoDraw=False, autoLog=True, bold=False, color=array([-1., -1., -1.]), colorSpace='rgb', contrast=1.0, depth=0.0, flipHoriz=False, flipVert=False, font='Open Sans', fontFiles=[], height=50.05, italic=False, languageStyle='LTR', name='start_circleM', opacity=1.0, ori=0.0, pos=array([0., 0.]), rgb=UNKNOWN, text=str(...), units='pix', win=Window(...), wrapWidth=500)
8.7763 	EXP 	Created cross_img_circle = ImageStim(__class__=<class 'psychopy.visual.image.ImageStim'>, anchor=('center', 'center'), autoLog=True, color=array([1, 1, 1]), colorSpace='rgb', contrast=1.0, depth=0.0, flipHoriz=False, flipVert=False, image=str(...), interpolate=True, mask=None, maskParams=None, name='cross_img_circle', opacity=1.0, ori=0.0, pos=array([0., 0.]), size=array([1920., 1080.]), texRes=128.0, units='pix', win=Window(...))
8.8017 	EXP 	Created img_circle = ImageStim(__class__=<class 'psychopy.visual.image.ImageStim'>, anchor=('center', 'center'), autoLog=True, color=array([1., 1., 1.]), colorSpace='rgb', contrast=1.0, depth=-1.0, flipHoriz=False, flipVert=False, image='stimuli/fb.jpg', interpolate=True, mask=None, maskParams=None, name='img_circle', opacity=1.0, ori=0.0, pos=array([960., 540.]), size=array([60., 60.]), texRes=128.0, units='pix', win=Window(...))
8.8087 	DATA 	Mouse: Left button down, pos=(1099,576)
8.8091 	DATA 	Mouse:  Left button up, pos=(1099,576)
8.8121 	EXP 	text: autoDraw = True
9.4158 	DATA 	Keypress: space
9.4284 	EXP 	text: autoDraw = False
9.4284 	EXP 	corss_image: autoDraw = True
10.4142 	EXP 	Created sequence: sequential, trialTypes=1, nReps=5, seed=None
10.4144 	EXP 	New trial (rep=0, index=0): None
10.4286 	EXP 	corss_image: autoDraw = False
10.4286 	EXP 	corss_image: autoDraw = False
10.4286 	EXP 	saccade_image: autoDraw = True
10.9124 	EXP 	New trial (rep=1, index=0): None
10.9287 	EXP 	saccade_image: autoDraw = False
10.9287 	EXP 	saccade_image: autoDraw = False
10.9287 	EXP 	saccade_image: autoDraw = True
11.4123 	EXP 	New trial (rep=2, index=0): None
11.4284 	EXP 	saccade_image: autoDraw = False
11.4284 	EXP 	saccade_image: autoDraw = False
11.4284 	EXP 	saccade_image: autoDraw = True
11.9125 	EXP 	New trial (rep=3, index=0): None
11.9283 	EXP 	saccade_image: autoDraw = False
11.9283 	EXP 	saccade_image: autoDraw = False
11.9283 	EXP 	saccade_image: autoDraw = True
12.4125 	EXP 	New trial (rep=4, index=0): None
12.4285 	EXP 	saccade_image: autoDraw = False
12.4285 	EXP 	saccade_image: autoDraw = False
12.4285 	EXP 	saccade_image: autoDraw = True
12.9284 	EXP 	saccade_image: autoDraw = False
12.9284 	EXP 	saccade_image: autoDraw = False
12.9284 	EXP 	txt: autoDraw = True
13.5134 	DATA 	Keypress: space
13.5286 	EXP 	txt: autoDraw = False
13.5286 	EXP 	corss_image: autoDraw = True
14.5285 	EXP 	corss_image: autoDraw = False
14.5285 	EXP 	corss_image: autoDraw = False
14.5285 	EXP 	image_smooth: autoDraw = True
41.6796 	DATA 	Keypress: escape
42.1689 	EXP 	window1: mouseVisible = True
