0.9240 	WARNING 	We strongly recommend you activate the PTB sound engine in PsychoPy prefs as the preferred audio engine. Its timing is vastly superior. Your prefs are currently set to use ['sounddevice', 'PTB', 'pyo', 'pygame'] (in that order).
8.3764 	EXP 	Created window1 = Window(allowGUI=True, allowStencil=False, autoLog=True, backendConf=UNKNOWN, bitsMode=UNKNOWN, blendMode='avg', bpc=(8, 8, 8), color=array([1., 1., 1.]), colorSpace='rgb', depthBits=8, fullscr=<method-wrapper '__getattribute__' of attributeSetter object at 0x0000019CFB8DE4C0>, gamma=None, gammaErrorPolicy='raise', lms=UNKNOWN, monitor=<psychopy.monitors.calibTools.Monitor object at 0x0000019CFD83F490>, multiSample=False, name='window1', numSamples=2, pos=(0, 0), screen=1, size=array([1920, 1080]), stencilBits=0, stereo=False, units='pix', useFBO=True, useRetina=False, viewOri=0.0, viewPos=None, viewScale=None, waitBlanking=True, winType='pyglet')
8.3767 	EXP 	window1: mouseVisible = True
8.3768 	EXP 	window1: mouseVisible = False
8.3768 	EXP 	window1: Attempting to measure frame rate of screen (1) ...
8.3768 	EXP 	window1: recordFrameIntervals = False
8.5097 	DATA 	Mouse: Left button down, pos=(861,656)
8.5425 	EXP 	window1: recordFrameIntervals = True
8.5931 	DATA 	Mouse:  Left button up, pos=(861,656)
8.7260 	EXP 	Screen (1) actual frame rate measured at 59.96Hz
8.7261 	EXP 	window1: recordFrameIntervals = False
10.1530 	EXP 	Created text = TextStim(__class__=<class 'psychopy.visual.text.TextStim'>, alignHoriz=method-wrapper(...), alignText='center', alignVert=method-wrapper(...), anchorHoriz='center', anchorVert='center', antialias=True, autoDraw=False, autoLog=True, bold=False, color=array([-1., -1., -1.]), colorSpace='rgb', contrast=1.0, depth=0.0, flipHoriz=False, flipVert=False, font='Open Sans', fontFiles=[], height=50.05, italic=False, languageStyle='LTR', name='text', opacity=1.0, ori=0.0, pos=array([0., 0.]), rgb=UNKNOWN, text=str(...), units='pix', win=Window(...), wrapWidth=500)
10.3574 	EXP 	Created corss_image = ImageStim(__class__=<class 'psychopy.visual.image.ImageStim'>, anchor=('center', 'center'), autoLog=True, color=array([1, 1, 1]), colorSpace='rgb', contrast=1.0, depth=0.0, flipHoriz=False, flipVert=False, image=str(...), interpolate=True, mask=None, maskParams=None, name='corss_image', opacity=1.0, ori=0.0, pos=array([0., 0.]), size=array([1920., 1080.]), texRes=128.0, units='pix', win=Window(...))
10.5533 	EXP 	Created saccade_image = ImageStim(__class__=<class 'psychopy.visual.image.ImageStim'>, anchor=('center', 'center'), autoLog=True, color=array([1., 1., 1.]), colorSpace='rgb', contrast=1.0, depth=-1.0, flipHoriz=False, flipVert=False, image='stimuli/cat.png', interpolate=True, mask=None, maskParams=None, name='saccade_image', opacity=1.0, ori=0.0, pos=array([960., 540.]), size=array([220., 150.]), texRes=128.0, units='pix', win=Window(...))
10.5586 	EXP 	Created txt = TextStim(__class__=<class 'psychopy.visual.text.TextStim'>, alignHoriz=method-wrapper(...), alignText='center', alignVert=method-wrapper(...), anchorHoriz='center', anchorVert='center', antialias=True, autoDraw=False, autoLog=True, bold=False, color=array([-1., -1., -1.]), colorSpace='rgb', contrast=1.0, depth=0.0, flipHoriz=False, flipVert=False, font='Open Sans', fontFiles=[], height=50.05, italic=False, languageStyle='LTR', name='txt', opacity=1.0, ori=0.0, pos=array([0., 0.]), rgb=UNKNOWN, text=str(...), units='pix', win=Window(...), wrapWidth=500)
10.7362 	EXP 	Created corss_image = ImageStim(__class__=<class 'psychopy.visual.image.ImageStim'>, anchor=('center', 'center'), autoLog=True, color=array([1, 1, 1]), colorSpace='rgb', contrast=1.0, depth=0.0, flipHoriz=False, flipVert=False, image=str(...), interpolate=True, mask=None, maskParams=None, name='corss_image', opacity=1.0, ori=0.0, pos=array([0., 0.]), size=array([1920., 1080.]), texRes=128.0, units='pix', win=Window(...))
10.9399 	EXP 	Created image_smooth = ImageStim(__class__=<class 'psychopy.visual.image.ImageStim'>, anchor=('center', 'center'), autoLog=True, color=array([1., 1., 1.]), colorSpace='rgb', contrast=1.0, depth=-1.0, flipHoriz=False, flipVert=False, image='stimuli/cat.png', interpolate=True, mask=None, maskParams=None, name='image_smooth', opacity=1.0, ori=0.0, pos=array([960., 540.]), size=array([220., 150.]), texRes=128.0, units='pix', win=Window(...))
10.9585 	EXP 	Created img_circle = ImageStim(__class__=<class 'psychopy.visual.image.ImageStim'>, anchor=('center', 'center'), autoLog=True, color=array([1., 1., 1.]), colorSpace='rgb', contrast=1.0, depth=-1.0, flipHoriz=False, flipVert=False, image='stimuli/fb.jpg', interpolate=True, mask=None, maskParams=None, name='img_circle', opacity=1.0, ori=0.0, pos=array([960., 540.]), size=array([60., 60.]), texRes=128.0, units='pix', win=Window(...))
10.9762 	EXP 	text: autoDraw = True
11.9989 	DATA 	Keypress: space
12.0093 	EXP 	text: autoDraw = False
12.0093 	EXP 	corss_image: autoDraw = True
12.9935 	EXP 	Created sequence: random, trialTypes=1, nReps=5, seed=None
12.9936 	EXP 	New trial (rep=0, index=0): None
13.0093 	EXP 	corss_image: autoDraw = False
13.0093 	EXP 	corss_image: autoDraw = False
13.0093 	EXP 	saccade_image: autoDraw = True
13.4934 	EXP 	New trial (rep=1, index=0): None
13.5094 	EXP 	saccade_image: autoDraw = False
13.5094 	EXP 	saccade_image: autoDraw = False
13.5094 	EXP 	saccade_image: autoDraw = True
13.9933 	EXP 	New trial (rep=2, index=0): None
14.0095 	EXP 	saccade_image: autoDraw = False
14.0095 	EXP 	saccade_image: autoDraw = False
14.0095 	EXP 	saccade_image: autoDraw = True
14.4934 	EXP 	New trial (rep=3, index=0): None
14.5093 	EXP 	saccade_image: autoDraw = False
14.5093 	EXP 	saccade_image: autoDraw = False
14.5093 	EXP 	saccade_image: autoDraw = True
14.9932 	EXP 	New trial (rep=4, index=0): None
15.0093 	EXP 	saccade_image: autoDraw = False
15.0093 	EXP 	saccade_image: autoDraw = False
15.0093 	EXP 	saccade_image: autoDraw = True
15.5093 	EXP 	saccade_image: autoDraw = False
15.5093 	EXP 	saccade_image: autoDraw = False
15.5093 	EXP 	txt: autoDraw = True
17.0271 	DATA 	Keypress: escape
17.5469 	EXP 	window1: mouseVisible = True
