1.0147 	WARNING 	We strongly recommend you activate the PTB sound engine in PsychoPy prefs as the preferred audio engine. Its timing is vastly superior. Your prefs are currently set to use ['sounddevice', 'PTB', 'pyo', 'pygame'] (in that order).
4.7708 	DATA 	Mouse: Left button down, pos=(844,674)
4.8037 	EXP 	Created window1 = Window(allowGUI=True, allowStencil=False, autoLog=True, backendConf=UNKNOWN, bitsMode=UNKNOWN, blendMode='avg', bpc=(8, 8, 8), color=array([1., 1., 1.]), colorSpace='rgb', depthBits=8, fullscr=<method-wrapper '__getattribute__' of attributeSetter object at 0x0000025A675FD4F0>, gamma=None, gammaErrorPolicy='raise', lms=UNKNOWN, monitor=<psychopy.monitors.calibTools.Monitor object at 0x0000025A6955F4C0>, multiSample=False, name='window1', numSamples=2, pos=(0, 0), screen=1, size=array([1920, 1080]), stencilBits=0, stereo=False, units='pix', useFBO=True, useRetina=False, viewOri=0.0, viewPos=None, viewScale=None, waitBlanking=True, winType='pyglet')
4.8038 	EXP 	window1: mouseVisible = True
4.8039 	EXP 	window1: mouseVisible = False
4.8039 	EXP 	window1: Attempting to measure frame rate of screen (1) ...
4.8039 	EXP 	window1: recordFrameIntervals = False
4.8544 	DATA 	Mouse:  Left button up, pos=(844,674)
4.9697 	EXP 	window1: recordFrameIntervals = True
5.1531 	EXP 	Screen (1) actual frame rate measured at 60.12Hz
5.1531 	EXP 	window1: recordFrameIntervals = False
6.6238 	EXP 	Created text = TextStim(__class__=<class 'psychopy.visual.text.TextStim'>, alignHoriz=method-wrapper(...), alignText='center', alignVert=method-wrapper(...), anchorHoriz='center', anchorVert='center', antialias=True, autoDraw=False, autoLog=True, bold=False, color=array([-1., -1., -1.]), colorSpace='rgb', contrast=1.0, depth=0.0, flipHoriz=False, flipVert=False, font='Open Sans', fontFiles=[], height=50.05, italic=False, languageStyle='LTR', name='text', opacity=1.0, ori=0.0, pos=array([0., 0.]), rgb=UNKNOWN, text=str(...), units='pix', win=Window(...), wrapWidth=500)
6.8381 	EXP 	Created corss_image = ImageStim(__class__=<class 'psychopy.visual.image.ImageStim'>, anchor=('center', 'center'), autoLog=True, color=array([1, 1, 1]), colorSpace='rgb', contrast=1.0, depth=0.0, flipHoriz=False, flipVert=False, image=str(...), interpolate=True, mask=None, maskParams=None, name='corss_image', opacity=1.0, ori=0.0, pos=array([0., 0.]), size=array([1920., 1080.]), texRes=128.0, units='pix', win=Window(...))
7.0691 	EXP 	Created saccade_image = ImageStim(__class__=<class 'psychopy.visual.image.ImageStim'>, anchor=('center', 'center'), autoLog=True, color=array([1., 1., 1.]), colorSpace='rgb', contrast=1.0, depth=-1.0, flipHoriz=False, flipVert=False, image='stimuli/cat.png', interpolate=True, mask=None, maskParams=None, name='saccade_image', opacity=1.0, ori=0.0, pos=array([960., 540.]), size=array([220., 150.]), texRes=128.0, units='pix', win=Window(...))
7.0747 	EXP 	Created txt = TextStim(__class__=<class 'psychopy.visual.text.TextStim'>, alignHoriz=method-wrapper(...), alignText='center', alignVert=method-wrapper(...), anchorHoriz='center', anchorVert='center', antialias=True, autoDraw=False, autoLog=True, bold=False, color=array([-1., -1., -1.]), colorSpace='rgb', contrast=1.0, depth=0.0, flipHoriz=False, flipVert=False, font='Open Sans', fontFiles=[], height=50.05, italic=False, languageStyle='LTR', name='txt', opacity=1.0, ori=0.0, pos=array([0., 0.]), rgb=UNKNOWN, text=str(...), units='pix', win=Window(...), wrapWidth=500)
7.2605 	EXP 	Created corss_image = ImageStim(__class__=<class 'psychopy.visual.image.ImageStim'>, anchor=('center', 'center'), autoLog=True, color=array([1, 1, 1]), colorSpace='rgb', contrast=1.0, depth=0.0, flipHoriz=False, flipVert=False, image=str(...), interpolate=True, mask=None, maskParams=None, name='corss_image', opacity=1.0, ori=0.0, pos=array([0., 0.]), size=array([1920., 1080.]), texRes=128.0, units='pix', win=Window(...))
7.4729 	EXP 	Created image_smooth = ImageStim(__class__=<class 'psychopy.visual.image.ImageStim'>, anchor=('center', 'center'), autoLog=True, color=array([1., 1., 1.]), colorSpace='rgb', contrast=1.0, depth=-1.0, flipHoriz=False, flipVert=False, image='stimuli/cat.png', interpolate=True, mask=None, maskParams=None, name='image_smooth', opacity=1.0, ori=0.0, pos=array([960., 540.]), size=array([220., 150.]), texRes=128.0, units='pix', win=Window(...))
7.4962 	EXP 	Created img_circle = ImageStim(__class__=<class 'psychopy.visual.image.ImageStim'>, anchor=('center', 'center'), autoLog=True, color=array([1., 1., 1.]), colorSpace='rgb', contrast=1.0, depth=-1.0, flipHoriz=False, flipVert=False, image='stimuli/fb.jpg', interpolate=True, mask=None, maskParams=None, name='img_circle', opacity=1.0, ori=0.0, pos=array([960., 540.]), size=array([60., 60.]), texRes=128.0, units='pix', win=Window(...))
7.5035 	EXP 	text: autoDraw = True
9.9584 	DATA 	Keypress: space
9.9701 	EXP 	text: autoDraw = False
9.9701 	EXP 	corss_image: autoDraw = True
10.9550 	EXP 	Created sequence: sequential, trialTypes=1, nReps=5, seed=None
10.9552 	EXP 	New trial (rep=0, index=0): None
11.4701 	EXP 	corss_image: autoDraw = False
11.4701 	EXP 	corss_image: autoDraw = False
11.4701 	EXP 	saccade_image: autoDraw = True
11.4703 	EXP 	New trial (rep=1, index=0): None
11.9716 	EXP 	New trial (rep=2, index=0): None
12.4731 	EXP 	New trial (rep=3, index=0): None
12.9745 	EXP 	New trial (rep=4, index=0): None
13.4870 	EXP 	saccade_image: autoDraw = False
13.4870 	EXP 	saccade_image: autoDraw = False
13.4870 	EXP 	saccade_image: autoDraw = False
13.4870 	EXP 	saccade_image: autoDraw = False
13.4870 	EXP 	saccade_image: autoDraw = False
13.4870 	EXP 	txt: autoDraw = True
14.3547 	DATA 	Keypress: space
14.3702 	EXP 	txt: autoDraw = False
14.3702 	EXP 	corss_image: autoDraw = True
15.3703 	EXP 	corss_image: autoDraw = False
15.3703 	EXP 	corss_image: autoDraw = False
15.3703 	EXP 	image_smooth: autoDraw = True
16.2714 	DATA 	Keypress: escape
16.5778 	EXP 	window1: mouseVisible = True
