0.9766 	WARNING 	We strongly recommend you activate the PTB sound engine in PsychoPy prefs as the preferred audio engine. Its timing is vastly superior. Your prefs are currently set to use ['sounddevice', 'PTB', 'pyo', 'pygame'] (in that order).
29.0146 	WARNING 	Requested an unavailable screen number - using first available.
29.9364 	EXP 	Created window1 = Window(allowGUI=True, allowStencil=False, autoLog=True, backendConf=UNKNOWN, bitsMode=UNKNOWN, blendMode='avg', bpc=(8, 8, 8), color=array([1., 1., 1.]), colorSpace='rgb', depthBits=8, fullscr=<method-wrapper '__getattribute__' of attributeSetter object at 0x000001422833E4F0>, gamma=None, gammaErrorPolicy='raise', lms=UNKNOWN, monitor=<psychopy.monitors.calibTools.Monitor object at 0x000001422A29F520>, multiSample=False, name='window1', numSamples=2, pos=(0, 0), screen=1, size=array([1920, 1080]), stencilBits=0, stereo=False, units='pix', useFBO=True, useRetina=False, viewOri=0.0, viewPos=None, viewScale=None, waitBlanking=True, winType='pyglet')
29.9365 	EXP 	window1: mouseVisible = True
29.9365 	EXP 	window1: mouseVisible = False
29.9365 	EXP 	window1: Attempting to measure frame rate of screen (1) ...
29.9366 	EXP 	window1: recordFrameIntervals = False
30.2699 	EXP 	window1: recordFrameIntervals = True
30.6376 	EXP 	Screen (1) actual frame rate measured at 29.90Hz
30.6377 	EXP 	window1: recordFrameIntervals = False
32.2013 	EXP 	Created text = TextStim(__class__=<class 'psychopy.visual.text.TextStim'>, alignHoriz=method-wrapper(...), alignText='center', alignVert=method-wrapper(...), anchorHoriz='center', anchorVert='center', antialias=True, autoDraw=False, autoLog=True, bold=False, color=array([-1., -1., -1.]), colorSpace='rgb', contrast=1.0, depth=0.0, flipHoriz=False, flipVert=False, font='Open Sans', fontFiles=[], height=50.05, italic=False, languageStyle='LTR', name='text', opacity=1.0, ori=0.0, pos=array([0., 0.]), rgb=UNKNOWN, text=str(...), units='pix', win=Window(...), wrapWidth=500)
32.4308 	EXP 	Created corss_image = ImageStim(__class__=<class 'psychopy.visual.image.ImageStim'>, anchor=('center', 'center'), autoLog=True, color=array([1, 1, 1]), colorSpace='rgb', contrast=1.0, depth=0.0, flipHoriz=False, flipVert=False, image=str(...), interpolate=True, mask=None, maskParams=None, name='corss_image', opacity=1.0, ori=0.0, pos=array([0., 0.]), size=array([1920., 1080.]), texRes=128.0, units='pix', win=Window(...))
32.6605 	EXP 	Created saccade_image = ImageStim(__class__=<class 'psychopy.visual.image.ImageStim'>, anchor=('center', 'center'), autoLog=True, color=array([1., 1., 1.]), colorSpace='rgb', contrast=1.0, depth=-1.0, flipHoriz=False, flipVert=False, image='stimuli/cat.png', interpolate=True, mask=None, maskParams=None, name='saccade_image', opacity=1.0, ori=0.0, pos=array([960., 540.]), size=array([220., 150.]), texRes=128.0, units='pix', win=Window(...))
32.6667 	EXP 	Created txt = TextStim(__class__=<class 'psychopy.visual.text.TextStim'>, alignHoriz=method-wrapper(...), alignText='center', alignVert=method-wrapper(...), anchorHoriz='center', anchorVert='center', antialias=True, autoDraw=False, autoLog=True, bold=False, color=array([-1., -1., -1.]), colorSpace='rgb', contrast=1.0, depth=0.0, flipHoriz=False, flipVert=False, font='Open Sans', fontFiles=[], height=50.05, italic=False, languageStyle='LTR', name='txt', opacity=1.0, ori=0.0, pos=array([0., 0.]), rgb=UNKNOWN, text=str(...), units='pix', win=Window(...), wrapWidth=500)
32.8606 	EXP 	Created corss_image = ImageStim(__class__=<class 'psychopy.visual.image.ImageStim'>, anchor=('center', 'center'), autoLog=True, color=array([1, 1, 1]), colorSpace='rgb', contrast=1.0, depth=0.0, flipHoriz=False, flipVert=False, image=str(...), interpolate=True, mask=None, maskParams=None, name='corss_image', opacity=1.0, ori=0.0, pos=array([0., 0.]), size=array([1920., 1080.]), texRes=128.0, units='pix', win=Window(...))
33.0718 	EXP 	Created image_smooth = ImageStim(__class__=<class 'psychopy.visual.image.ImageStim'>, anchor=('center', 'center'), autoLog=True, color=array([1., 1., 1.]), colorSpace='rgb', contrast=1.0, depth=-1.0, flipHoriz=False, flipVert=False, image='stimuli/cat.png', interpolate=True, mask=None, maskParams=None, name='image_smooth', opacity=1.0, ori=0.0, pos=array([960., 540.]), size=array([220., 150.]), texRes=128.0, units='pix', win=Window(...))
33.1010 	EXP 	Created img_circle = ImageStim(__class__=<class 'psychopy.visual.image.ImageStim'>, anchor=('center', 'center'), autoLog=True, color=array([1., 1., 1.]), colorSpace='rgb', contrast=1.0, depth=-1.0, flipHoriz=False, flipVert=False, image='stimuli/fb.jpg', interpolate=True, mask=None, maskParams=None, name='img_circle', opacity=1.0, ori=0.0, pos=array([960., 540.]), size=array([60., 60.]), texRes=128.0, units='pix', win=Window(...))
33.1066 	EXP 	text: autoDraw = True
51.1788 	DATA 	Keypress: space
51.2071 	EXP 	text: autoDraw = False
51.2071 	EXP 	corss_image: autoDraw = True
52.1756 	EXP 	Created sequence: sequential, trialTypes=1, nReps=5, seed=None
52.1758 	EXP 	New trial (rep=0, index=0): None
52.2063 	EXP 	corss_image: autoDraw = False
52.2063 	EXP 	corss_image: autoDraw = False
52.2063 	EXP 	saccade_image: autoDraw = True
52.6740 	EXP 	New trial (rep=1, index=0): None
52.7066 	EXP 	saccade_image: autoDraw = False
52.7066 	EXP 	saccade_image: autoDraw = False
52.7066 	EXP 	saccade_image: autoDraw = True
53.1738 	EXP 	New trial (rep=2, index=0): None
53.2071 	EXP 	saccade_image: autoDraw = False
53.2071 	EXP 	saccade_image: autoDraw = False
53.2071 	EXP 	saccade_image: autoDraw = True
53.6738 	EXP 	New trial (rep=3, index=0): None
53.7068 	EXP 	saccade_image: autoDraw = False
53.7068 	EXP 	saccade_image: autoDraw = False
53.7068 	EXP 	saccade_image: autoDraw = True
54.1735 	EXP 	New trial (rep=4, index=0): None
54.2062 	EXP 	saccade_image: autoDraw = False
54.2062 	EXP 	saccade_image: autoDraw = False
54.2062 	EXP 	saccade_image: autoDraw = True
54.7065 	EXP 	saccade_image: autoDraw = False
54.7065 	EXP 	saccade_image: autoDraw = False
54.7065 	EXP 	txt: autoDraw = True
61.4080 	DATA 	Keypress: space
61.4398 	EXP 	txt: autoDraw = False
61.4398 	EXP 	corss_image: autoDraw = True
62.4424 	EXP 	corss_image: autoDraw = False
62.4424 	EXP 	image_smooth: autoDraw = True
117.8312 	DATA 	Keypress: space
117.8613 	EXP 	image_smooth: autoDraw = False
117.8613 	EXP 	img_circle: autoDraw = True
141.8954 	EXP 	img_circle: autoDraw = False
141.9176 	EXP 	window1: mouseVisible = True
