0.9276 	WARNING 	We strongly recommend you activate the PTB sound engine in PsychoPy prefs as the preferred audio engine. Its timing is vastly superior. Your prefs are currently set to use ['sounddevice', 'PTB', 'pyo', 'pygame'] (in that order).
4.2396 	DATA 	Mouse: Left button down, pos=(858,657)
4.2551 	EXP 	Created window1 = Window(allowGUI=True, allowStencil=False, autoLog=True, backendConf=UNKNOWN, bitsMode=UNKNOWN, blendMode='avg', bpc=(8, 8, 8), color=array([1., 1., 1.]), colorSpace='rgb', depthBits=8, fullscr=<method-wrapper '__getattribute__' of attributeSetter object at 0x000002BFE744D4F0>, gamma=None, gammaErrorPolicy='raise', lms=UNKNOWN, monitor=<psychopy.monitors.calibTools.Monitor object at 0x000002BFE93AF4F0>, multiSample=False, name='window1', numSamples=2, pos=(0, 0), screen=1, size=array([1920, 1080]), stencilBits=0, stereo=False, units='pix', useFBO=True, useRetina=False, viewOri=0.0, viewPos=None, viewScale=None, waitBlanking=True, winType='pyglet')
4.2551 	EXP 	window1: mouseVisible = True
4.2552 	EXP 	window1: mouseVisible = False
4.2552 	EXP 	window1: Attempting to measure frame rate of screen (1) ...
4.2552 	EXP 	window1: recordFrameIntervals = False
4.3383 	DATA 	Mouse:  Left button up, pos=(858,657)
4.4217 	EXP 	window1: recordFrameIntervals = True
4.6051 	EXP 	Screen (1) actual frame rate measured at 60.00Hz
4.6051 	EXP 	window1: recordFrameIntervals = False
5.9073 	EXP 	Created text = TextStim(__class__=<class 'psychopy.visual.text.TextStim'>, alignHoriz=method-wrapper(...), alignText='center', alignVert=method-wrapper(...), anchorHoriz='center', anchorVert='center', antialias=True, autoDraw=False, autoLog=True, bold=False, color=array([-1., -1., -1.]), colorSpace='rgb', contrast=1.0, depth=0.0, flipHoriz=False, flipVert=False, font='Open Sans', fontFiles=[], height=50.05, italic=False, languageStyle='LTR', name='text', opacity=1.0, ori=0.0, pos=array([0., 0.]), rgb=UNKNOWN, text=str(...), units='pix', win=Window(...), wrapWidth=500)
6.0899 	EXP 	Created corss_image = ImageStim(__class__=<class 'psychopy.visual.image.ImageStim'>, anchor=('center', 'center'), autoLog=True, color=array([1, 1, 1]), colorSpace='rgb', contrast=1.0, depth=0.0, flipHoriz=False, flipVert=False, image=str(...), interpolate=True, mask=None, maskParams=None, name='corss_image', opacity=1.0, ori=0.0, pos=array([0., 0.]), size=array([1920., 1080.]), texRes=128.0, units='pix', win=Window(...))
6.2963 	EXP 	Created saccade_image = ImageStim(__class__=<class 'psychopy.visual.image.ImageStim'>, anchor=('center', 'center'), autoLog=True, color=array([1., 1., 1.]), colorSpace='rgb', contrast=1.0, depth=-1.0, flipHoriz=False, flipVert=False, image='stimuli/cat.png', interpolate=True, mask=None, maskParams=None, name='saccade_image', opacity=1.0, ori=0.0, pos=array([960., 540.]), size=array([220., 150.]), texRes=128.0, units='pix', win=Window(...))
6.3017 	EXP 	Created txt = TextStim(__class__=<class 'psychopy.visual.text.TextStim'>, alignHoriz=method-wrapper(...), alignText='center', alignVert=method-wrapper(...), anchorHoriz='center', anchorVert='center', antialias=True, autoDraw=False, autoLog=True, bold=False, color=array([-1., -1., -1.]), colorSpace='rgb', contrast=1.0, depth=0.0, flipHoriz=False, flipVert=False, font='Open Sans', fontFiles=[], height=50.05, italic=False, languageStyle='LTR', name='txt', opacity=1.0, ori=0.0, pos=array([0., 0.]), rgb=UNKNOWN, text=str(...), units='pix', win=Window(...), wrapWidth=500)
6.4827 	EXP 	Created corss_image = ImageStim(__class__=<class 'psychopy.visual.image.ImageStim'>, anchor=('center', 'center'), autoLog=True, color=array([1, 1, 1]), colorSpace='rgb', contrast=1.0, depth=0.0, flipHoriz=False, flipVert=False, image=str(...), interpolate=True, mask=None, maskParams=None, name='corss_image', opacity=1.0, ori=0.0, pos=array([0., 0.]), size=array([1920., 1080.]), texRes=128.0, units='pix', win=Window(...))
6.6933 	EXP 	Created image_smooth = ImageStim(__class__=<class 'psychopy.visual.image.ImageStim'>, anchor=('center', 'center'), autoLog=True, color=array([1., 1., 1.]), colorSpace='rgb', contrast=1.0, depth=-1.0, flipHoriz=False, flipVert=False, image='stimuli/cat.png', interpolate=True, mask=None, maskParams=None, name='image_smooth', opacity=1.0, ori=0.0, pos=array([960., 540.]), size=array([220., 150.]), texRes=128.0, units='pix', win=Window(...))
6.7098 	EXP 	Created img_circle = ImageStim(__class__=<class 'psychopy.visual.image.ImageStim'>, anchor=('center', 'center'), autoLog=True, color=array([1., 1., 1.]), colorSpace='rgb', contrast=1.0, depth=-1.0, flipHoriz=False, flipVert=False, image='stimuli/fb.jpg', interpolate=True, mask=None, maskParams=None, name='img_circle', opacity=1.0, ori=0.0, pos=array([960., 540.]), size=array([60., 60.]), texRes=128.0, units='pix', win=Window(...))
6.7221 	EXP 	text: autoDraw = True
7.1607 	DATA 	Keypress: space
7.1726 	EXP 	text: autoDraw = False
7.1726 	EXP 	corss_image: autoDraw = True
8.1563 	EXP 	Created sequence: sequential, trialTypes=1, nReps=5, seed=None
8.1564 	EXP 	New trial (rep=0, index=0): None
8.1722 	EXP 	corss_image: autoDraw = False
8.1722 	EXP 	corss_image: autoDraw = False
8.1722 	EXP 	saccade_image: autoDraw = True
8.6556 	EXP 	New trial (rep=1, index=0): None
8.6718 	EXP 	saccade_image: autoDraw = False
8.6718 	EXP 	saccade_image: autoDraw = False
8.6718 	EXP 	saccade_image: autoDraw = True
9.1556 	EXP 	New trial (rep=2, index=0): None
9.1718 	EXP 	saccade_image: autoDraw = False
9.1718 	EXP 	saccade_image: autoDraw = False
9.1718 	EXP 	saccade_image: autoDraw = True
9.6557 	EXP 	New trial (rep=3, index=0): None
9.6719 	EXP 	saccade_image: autoDraw = False
9.6719 	EXP 	saccade_image: autoDraw = False
9.6719 	EXP 	saccade_image: autoDraw = True
10.1556 	EXP 	New trial (rep=4, index=0): None
10.1718 	EXP 	saccade_image: autoDraw = False
10.1718 	EXP 	saccade_image: autoDraw = False
10.1718 	EXP 	saccade_image: autoDraw = True
10.6718 	EXP 	saccade_image: autoDraw = False
10.6718 	EXP 	saccade_image: autoDraw = False
10.6718 	EXP 	txt: autoDraw = True
23.2065 	DATA 	Keypress: escape
23.7775 	EXP 	window1: mouseVisible = True
