1.0717 	WARNING 	We strongly recommend you activate the PTB sound engine in PsychoPy prefs as the preferred audio engine. Its timing is vastly superior. Your prefs are currently set to use ['sounddevice', 'PTB', 'pyo', 'pygame'] (in that order).
4.5454 	EXP 	Created window1 = Window(allowGUI=True, allowStencil=False, autoLog=True, backendConf=UNKNOWN, bitsMode=UNKNOWN, blendMode='avg', bpc=(8, 8, 8), color=array([1., 1., 1.]), colorSpace='rgb', depthBits=8, fullscr=<method-wrapper '__getattribute__' of attributeSetter object at 0x0000025FF9A9E4C0>, gamma=None, gammaErrorPolicy='raise', lms=UNKNOWN, monitor=<psychopy.monitors.calibTools.Monitor object at 0x0000025FFBA024C0>, multiSample=False, name='window1', numSamples=2, pos=(0, 0), screen=1, size=array([1920, 1080]), stencilBits=0, stereo=False, units='pix', useFBO=True, useRetina=False, viewOri=0.0, viewPos=None, viewScale=None, waitBlanking=True, winType='pyglet')
4.5455 	EXP 	window1: mouseVisible = True
4.5456 	EXP 	window1: mouseVisible = False
4.5457 	EXP 	window1: Attempting to measure frame rate of screen (1) ...
4.5457 	EXP 	window1: recordFrameIntervals = False
4.7118 	EXP 	window1: recordFrameIntervals = True
4.8953 	EXP 	Screen (1) actual frame rate measured at 59.99Hz
4.8953 	EXP 	window1: recordFrameIntervals = False
6.3152 	EXP 	Created text = TextStim(__class__=<class 'psychopy.visual.text.TextStim'>, alignHoriz=method-wrapper(...), alignText='center', alignVert=method-wrapper(...), anchorHoriz='center', anchorVert='center', antialias=True, autoDraw=False, autoLog=True, bold=False, color=array([-1., -1., -1.]), colorSpace='rgb', contrast=1.0, depth=0.0, flipHoriz=False, flipVert=False, font='Open Sans', fontFiles=[], height=50.05, italic=False, languageStyle='LTR', name='text', opacity=1.0, ori=0.0, pos=array([0., 0.]), rgb=UNKNOWN, text=str(...), units='pix', win=Window(...), wrapWidth=500)
6.5241 	EXP 	Created corss_image = ImageStim(__class__=<class 'psychopy.visual.image.ImageStim'>, anchor=('center', 'center'), autoLog=True, color=array([1, 1, 1]), colorSpace='rgb', contrast=1.0, depth=0.0, flipHoriz=False, flipVert=False, image=str(...), interpolate=True, mask=None, maskParams=None, name='corss_image', opacity=1.0, ori=0.0, pos=array([0., 0.]), size=array([1920., 1080.]), texRes=128.0, units='pix', win=Window(...))
6.7474 	EXP 	Created saccade_image = ImageStim(__class__=<class 'psychopy.visual.image.ImageStim'>, anchor=('center', 'center'), autoLog=True, color=array([1., 1., 1.]), colorSpace='rgb', contrast=1.0, depth=-1.0, flipHoriz=False, flipVert=False, image='stimuli/cat.png', interpolate=True, mask=None, maskParams=None, name='saccade_image', opacity=1.0, ori=0.0, pos=array([960., 540.]), size=array([220., 150.]), texRes=128.0, units='pix', win=Window(...))
6.7534 	EXP 	Created txt = TextStim(__class__=<class 'psychopy.visual.text.TextStim'>, alignHoriz=method-wrapper(...), alignText='center', alignVert=method-wrapper(...), anchorHoriz='center', anchorVert='center', antialias=True, autoDraw=False, autoLog=True, bold=False, color=array([-1., -1., -1.]), colorSpace='rgb', contrast=1.0, depth=0.0, flipHoriz=False, flipVert=False, font='Open Sans', fontFiles=[], height=50.05, italic=False, languageStyle='LTR', name='txt', opacity=1.0, ori=0.0, pos=array([0., 0.]), rgb=UNKNOWN, text=str(...), units='pix', win=Window(...), wrapWidth=500)
6.9324 	EXP 	Created corss_image = ImageStim(__class__=<class 'psychopy.visual.image.ImageStim'>, anchor=('center', 'center'), autoLog=True, color=array([1, 1, 1]), colorSpace='rgb', contrast=1.0, depth=0.0, flipHoriz=False, flipVert=False, image=str(...), interpolate=True, mask=None, maskParams=None, name='corss_image', opacity=1.0, ori=0.0, pos=array([0., 0.]), size=array([1920., 1080.]), texRes=128.0, units='pix', win=Window(...))
7.1480 	EXP 	Created image_smooth = ImageStim(__class__=<class 'psychopy.visual.image.ImageStim'>, anchor=('center', 'center'), autoLog=True, color=array([1., 1., 1.]), colorSpace='rgb', contrast=1.0, depth=-1.0, flipHoriz=False, flipVert=False, image='stimuli/cat.png', interpolate=True, mask=None, maskParams=None, name='image_smooth', opacity=1.0, ori=0.0, pos=array([960., 540.]), size=array([220., 150.]), texRes=128.0, units='pix', win=Window(...))
7.1593 	EXP 	Created start_circleM = TextStim(__class__=<class 'psychopy.visual.text.TextStim'>, alignHoriz=method-wrapper(...), alignText='center', alignVert=method-wrapper(...), anchorHoriz='center', anchorVert='center', antialias=True, autoDraw=False, autoLog=True, bold=False, color=array([-1., -1., -1.]), colorSpace='rgb', contrast=1.0, depth=0.0, flipHoriz=False, flipVert=False, font='Open Sans', fontFiles=[], height=50.05, italic=False, languageStyle='LTR', name='start_circleM', opacity=1.0, ori=0.0, pos=array([0., 0.]), rgb=UNKNOWN, text=str(...), units='pix', win=Window(...), wrapWidth=500)
7.3503 	EXP 	Created cross_img_circle = ImageStim(__class__=<class 'psychopy.visual.image.ImageStim'>, anchor=('center', 'center'), autoLog=True, color=array([1, 1, 1]), colorSpace='rgb', contrast=1.0, depth=0.0, flipHoriz=False, flipVert=False, image=str(...), interpolate=True, mask=None, maskParams=None, name='cross_img_circle', opacity=1.0, ori=0.0, pos=array([0., 0.]), size=array([1920., 1080.]), texRes=128.0, units='pix', win=Window(...))
7.4086 	EXP 	Created img_circle = ImageStim(__class__=<class 'psychopy.visual.image.ImageStim'>, anchor=('center', 'center'), autoLog=True, color=array([1., 1., 1.]), colorSpace='rgb', contrast=1.0, depth=-1.0, flipHoriz=False, flipVert=False, image='stimuli/Pan_Blue_Circle.png', interpolate=True, mask=None, maskParams=None, name='img_circle', opacity=1.0, ori=0.0, pos=array([960., 540.]), size=array([60., 60.]), texRes=128.0, units='pix', win=Window(...))
7.4122 	EXP 	text: autoDraw = True
9.7310 	DATA 	Keypress: space
9.7449 	EXP 	text: autoDraw = False
9.7449 	EXP 	corss_image: autoDraw = True
10.7291 	EXP 	Created sequence: sequential, trialTypes=1, nReps=5, seed=None
10.7293 	EXP 	New trial (rep=0, index=0): None
10.7450 	EXP 	corss_image: autoDraw = False
10.7450 	EXP 	corss_image: autoDraw = False
10.7450 	EXP 	saccade_image: autoDraw = True
11.2291 	EXP 	New trial (rep=1, index=0): None
11.2449 	EXP 	saccade_image: autoDraw = False
11.2449 	EXP 	saccade_image: autoDraw = False
11.2449 	EXP 	saccade_image: autoDraw = True
11.7291 	EXP 	New trial (rep=2, index=0): None
11.7449 	EXP 	saccade_image: autoDraw = False
11.7449 	EXP 	saccade_image: autoDraw = False
11.7449 	EXP 	saccade_image: autoDraw = True
12.2292 	EXP 	New trial (rep=3, index=0): None
12.2449 	EXP 	saccade_image: autoDraw = False
12.2449 	EXP 	saccade_image: autoDraw = False
12.2449 	EXP 	saccade_image: autoDraw = True
12.7292 	EXP 	New trial (rep=4, index=0): None
12.7449 	EXP 	saccade_image: autoDraw = False
12.7449 	EXP 	saccade_image: autoDraw = False
12.7449 	EXP 	saccade_image: autoDraw = True
13.2450 	EXP 	saccade_image: autoDraw = False
13.2450 	EXP 	saccade_image: autoDraw = False
13.2450 	EXP 	txt: autoDraw = True
14.9133 	DATA 	Keypress: space
14.9281 	EXP 	txt: autoDraw = False
14.9281 	EXP 	corss_image: autoDraw = True
15.9283 	EXP 	corss_image: autoDraw = False
15.9283 	EXP 	corss_image: autoDraw = False
15.9283 	EXP 	image_smooth: autoDraw = True
41.6966 	DATA 	Keypress: space
41.7113 	EXP 	image_smooth: autoDraw = False
41.7113 	EXP 	start_circleM: autoDraw = True
45.8801 	DATA 	Keypress: space
45.8947 	EXP 	start_circleM: autoDraw = False
45.8947 	EXP 	cross_img_circle: autoDraw = True
46.8948 	EXP 	cross_img_circle: autoDraw = False
46.8948 	EXP 	cross_img_circle: autoDraw = False
46.8948 	EXP 	img_circle: autoDraw = True
58.9113 	EXP 	img_circle: autoDraw = False
58.9834 	EXP 	window1: mouseVisible = True
