0.9368 	WARNING 	We strongly recommend you activate the PTB sound engine in PsychoPy prefs as the preferred audio engine. Its timing is vastly superior. Your prefs are currently set to use ['sounddevice', 'PTB', 'pyo', 'pygame'] (in that order).
9.9918 	EXP 	Created window1 = Window(allowGUI=True, allowStencil=False, autoLog=True, backendConf=UNKNOWN, bitsMode=UNKNOWN, blendMode='avg', bpc=(8, 8, 8), color=array([1., 1., 1.]), colorSpace='rgb', depthBits=8, fullscr=<method-wrapper '__getattribute__' of attributeSetter object at 0x0000019376B2D4C0>, gamma=None, gammaErrorPolicy='raise', lms=UNKNOWN, monitor=<psychopy.monitors.calibTools.Monitor object at 0x0000019378A8F460>, multiSample=False, name='window1', numSamples=2, pos=(0, 0), screen=1, size=array([1920, 1080]), stencilBits=0, stereo=False, units='pix', useFBO=True, useRetina=False, viewOri=0.0, viewPos=None, viewScale=None, waitBlanking=True, winType='pyglet')
9.9919 	EXP 	window1: mouseVisible = True
9.9919 	EXP 	window1: mouseVisible = False
9.9920 	EXP 	window1: Attempting to measure frame rate of screen (1) ...
9.9920 	EXP 	window1: recordFrameIntervals = False
10.1581 	EXP 	window1: recordFrameIntervals = True
10.3416 	EXP 	Screen (1) actual frame rate measured at 60.00Hz
10.3416 	EXP 	window1: recordFrameIntervals = False
11.7578 	EXP 	Created text = TextStim(__class__=<class 'psychopy.visual.text.TextStim'>, alignHoriz=method-wrapper(...), alignText='center', alignVert=method-wrapper(...), anchorHoriz='center', anchorVert='center', antialias=True, autoDraw=False, autoLog=True, bold=False, color=array([-1., -1., -1.]), colorSpace='rgb', contrast=1.0, depth=0.0, flipHoriz=False, flipVert=False, font='Open Sans', fontFiles=[], height=50.05, italic=False, languageStyle='LTR', name='text', opacity=1.0, ori=0.0, pos=array([0., 0.]), rgb=UNKNOWN, text=str(...), units='pix', win=Window(...), wrapWidth=500)
11.9613 	EXP 	Created corss_image = ImageStim(__class__=<class 'psychopy.visual.image.ImageStim'>, anchor=('center', 'center'), autoLog=True, color=array([1, 1, 1]), colorSpace='rgb', contrast=1.0, depth=0.0, flipHoriz=False, flipVert=False, image=str(...), interpolate=True, mask=None, maskParams=None, name='corss_image', opacity=1.0, ori=0.0, pos=array([0., 0.]), size=array([1920., 1080.]), texRes=128.0, units='pix', win=Window(...))
12.1730 	EXP 	Created saccade_image = ImageStim(__class__=<class 'psychopy.visual.image.ImageStim'>, anchor=('center', 'center'), autoLog=True, color=array([1., 1., 1.]), colorSpace='rgb', contrast=1.0, depth=-1.0, flipHoriz=False, flipVert=False, image='stimuli/cat.png', interpolate=True, mask=None, maskParams=None, name='saccade_image', opacity=1.0, ori=0.0, pos=array([960., 540.]), size=array([220., 150.]), texRes=128.0, units='pix', win=Window(...))
12.1779 	EXP 	Created txt = TextStim(__class__=<class 'psychopy.visual.text.TextStim'>, alignHoriz=method-wrapper(...), alignText='center', alignVert=method-wrapper(...), anchorHoriz='center', anchorVert='center', antialias=True, autoDraw=False, autoLog=True, bold=False, color=array([-1., -1., -1.]), colorSpace='rgb', contrast=1.0, depth=0.0, flipHoriz=False, flipVert=False, font='Open Sans', fontFiles=[], height=50.05, italic=False, languageStyle='LTR', name='txt', opacity=1.0, ori=0.0, pos=array([0., 0.]), rgb=UNKNOWN, text=str(...), units='pix', win=Window(...), wrapWidth=500)
12.3628 	EXP 	Created corss_image = ImageStim(__class__=<class 'psychopy.visual.image.ImageStim'>, anchor=('center', 'center'), autoLog=True, color=array([1, 1, 1]), colorSpace='rgb', contrast=1.0, depth=0.0, flipHoriz=False, flipVert=False, image=str(...), interpolate=True, mask=None, maskParams=None, name='corss_image', opacity=1.0, ori=0.0, pos=array([0., 0.]), size=array([1920., 1080.]), texRes=128.0, units='pix', win=Window(...))
12.5799 	EXP 	Created image_smooth = ImageStim(__class__=<class 'psychopy.visual.image.ImageStim'>, anchor=('center', 'center'), autoLog=True, color=array([1., 1., 1.]), colorSpace='rgb', contrast=1.0, depth=-1.0, flipHoriz=False, flipVert=False, image='stimuli/cat.png', interpolate=True, mask=None, maskParams=None, name='image_smooth', opacity=1.0, ori=0.0, pos=array([960., 540.]), size=array([220., 150.]), texRes=128.0, units='pix', win=Window(...))
12.5965 	EXP 	Created img_circle = ImageStim(__class__=<class 'psychopy.visual.image.ImageStim'>, anchor=('center', 'center'), autoLog=True, color=array([1., 1., 1.]), colorSpace='rgb', contrast=1.0, depth=-1.0, flipHoriz=False, flipVert=False, image='stimuli/fb.jpg', interpolate=True, mask=None, maskParams=None, name='img_circle', opacity=1.0, ori=0.0, pos=array([960., 540.]), size=array([60., 60.]), texRes=128.0, units='pix', win=Window(...))
12.5977 	DATA 	Mouse: Left button down, pos=(860,670)
12.5978 	DATA 	Mouse:  Left button up, pos=(860,670)
12.6083 	EXP 	text: autoDraw = True
13.0967 	DATA 	Keypress: space
13.1082 	EXP 	text: autoDraw = False
13.1082 	EXP 	corss_image: autoDraw = True
14.0922 	EXP 	Created sequence: sequential, trialTypes=1, nReps=5, seed=None
14.0923 	EXP 	New trial (rep=0, index=0): None
14.1082 	EXP 	corss_image: autoDraw = False
14.1082 	EXP 	corss_image: autoDraw = False
14.6083 	EXP 	saccade_image: autoDraw = True
15.0922 	EXP 	New trial (rep=1, index=0): None
15.1081 	EXP 	saccade_image: autoDraw = False
15.1081 	EXP 	saccade_image: autoDraw = False
15.6083 	EXP 	saccade_image: autoDraw = True
16.0921 	EXP 	New trial (rep=2, index=0): None
16.1081 	EXP 	saccade_image: autoDraw = False
16.1081 	EXP 	saccade_image: autoDraw = False
16.6082 	EXP 	saccade_image: autoDraw = True
17.0924 	EXP 	New trial (rep=3, index=0): None
17.1081 	EXP 	saccade_image: autoDraw = False
17.1081 	EXP 	saccade_image: autoDraw = False
17.6081 	EXP 	saccade_image: autoDraw = True
18.0921 	EXP 	New trial (rep=4, index=0): None
18.1081 	EXP 	saccade_image: autoDraw = False
18.1081 	EXP 	saccade_image: autoDraw = False
18.6081 	EXP 	saccade_image: autoDraw = True
19.1081 	EXP 	saccade_image: autoDraw = False
19.1081 	EXP 	saccade_image: autoDraw = False
19.1081 	EXP 	txt: autoDraw = True
22.7931 	DATA 	Keypress: escape
23.1693 	EXP 	window1: mouseVisible = True
