1.0669 	WARNING 	We strongly recommend you activate the PTB sound engine in PsychoPy prefs as the preferred audio engine. Its timing is vastly superior. Your prefs are currently set to use ['sounddevice', 'PTB', 'pyo', 'pygame'] (in that order).
6.9391 	EXP 	Created window1 = Window(allowGUI=True, allowStencil=False, autoLog=True, backendConf=UNKNOWN, bitsMode=UNKNOWN, blendMode='avg', bpc=(8, 8, 8), color=array([1., 1., 1.]), colorSpace='rgb', depthBits=8, fullscr=<method-wrapper '__getattribute__' of attributeSetter object at 0x000001C0F8E3E520>, gamma=None, gammaErrorPolicy='raise', lms=UNKNOWN, monitor=<psychopy.monitors.calibTools.Monitor object at 0x000001C0FAD9F580>, multiSample=False, name='window1', numSamples=2, pos=(0, 0), screen=1, size=array([1920, 1080]), stencilBits=0, stereo=False, units='pix', useFBO=True, useRetina=False, viewOri=0.0, viewPos=None, viewScale=None, waitBlanking=True, winType='pyglet')
6.9392 	EXP 	window1: mouseVisible = True
6.9393 	EXP 	window1: mouseVisible = False
6.9393 	EXP 	window1: Attempting to measure frame rate of screen (1) ...
6.9393 	EXP 	window1: recordFrameIntervals = False
7.1031 	EXP 	window1: recordFrameIntervals = True
7.7657 	WARNING 	t of last frame was 29.56ms (=1/33)
7.9362 	EXP 	Screen (1) actual frame rate measured at 59.90Hz
7.9362 	EXP 	window1: recordFrameIntervals = False
9.4646 	EXP 	Created text = TextStim(__class__=<class 'psychopy.visual.text.TextStim'>, alignHoriz=method-wrapper(...), alignText='center', alignVert=method-wrapper(...), anchorHoriz='center', anchorVert='center', antialias=True, autoDraw=False, autoLog=True, bold=False, color=array([-1., -1., -1.]), colorSpace='rgb', contrast=1.0, depth=0.0, flipHoriz=False, flipVert=False, font='Open Sans', fontFiles=[], height=50.05, italic=False, languageStyle='LTR', name='text', opacity=1.0, ori=0.0, pos=array([0., 0.]), rgb=UNKNOWN, text=str(...), units='pix', win=Window(...), wrapWidth=500)
9.6771 	EXP 	Created corss_image = ImageStim(__class__=<class 'psychopy.visual.image.ImageStim'>, anchor=('center', 'center'), autoLog=True, color=array([1, 1, 1]), colorSpace='rgb', contrast=1.0, depth=0.0, flipHoriz=False, flipVert=False, image=str(...), interpolate=True, mask=None, maskParams=None, name='corss_image', opacity=1.0, ori=0.0, pos=array([0., 0.]), size=array([1920., 1080.]), texRes=128.0, units='pix', win=Window(...))
9.9115 	EXP 	Created saccade_image = ImageStim(__class__=<class 'psychopy.visual.image.ImageStim'>, anchor=('center', 'center'), autoLog=True, color=array([1., 1., 1.]), colorSpace='rgb', contrast=1.0, depth=-1.0, flipHoriz=False, flipVert=False, image='stimuli/cat.png', interpolate=True, mask=None, maskParams=None, name='saccade_image', opacity=1.0, ori=0.0, pos=array([960., 540.]), size=array([220., 150.]), texRes=128.0, units='pix', win=Window(...))
9.9167 	EXP 	Created txt = TextStim(__class__=<class 'psychopy.visual.text.TextStim'>, alignHoriz=method-wrapper(...), alignText='center', alignVert=method-wrapper(...), anchorHoriz='center', anchorVert='center', antialias=True, autoDraw=False, autoLog=True, bold=False, color=array([-1., -1., -1.]), colorSpace='rgb', contrast=1.0, depth=0.0, flipHoriz=False, flipVert=False, font='Open Sans', fontFiles=[], height=50.05, italic=False, languageStyle='LTR', name='txt', opacity=1.0, ori=0.0, pos=array([0., 0.]), rgb=UNKNOWN, text=str(...), units='pix', win=Window(...), wrapWidth=500)
10.1432 	EXP 	Created corss_image = ImageStim(__class__=<class 'psychopy.visual.image.ImageStim'>, anchor=('center', 'center'), autoLog=True, color=array([1, 1, 1]), colorSpace='rgb', contrast=1.0, depth=0.0, flipHoriz=False, flipVert=False, image=str(...), interpolate=True, mask=None, maskParams=None, name='corss_image', opacity=1.0, ori=0.0, pos=array([0., 0.]), size=array([1920., 1080.]), texRes=128.0, units='pix', win=Window(...))
10.3560 	EXP 	Created image_smooth = ImageStim(__class__=<class 'psychopy.visual.image.ImageStim'>, anchor=('center', 'center'), autoLog=True, color=array([1., 1., 1.]), colorSpace='rgb', contrast=1.0, depth=-1.0, flipHoriz=False, flipVert=False, image='stimuli/cat.png', interpolate=True, mask=None, maskParams=None, name='image_smooth', opacity=1.0, ori=0.0, pos=array([960., 540.]), size=array([220., 150.]), texRes=128.0, units='pix', win=Window(...))
10.3771 	EXP 	Created img_circle = ImageStim(__class__=<class 'psychopy.visual.image.ImageStim'>, anchor=('center', 'center'), autoLog=True, color=array([1., 1., 1.]), colorSpace='rgb', contrast=1.0, depth=-1.0, flipHoriz=False, flipVert=False, image='stimuli/fb.jpg', interpolate=True, mask=None, maskParams=None, name='img_circle', opacity=1.0, ori=0.0, pos=array([960., 540.]), size=array([60., 60.]), texRes=128.0, units='pix', win=Window(...))
10.3860 	EXP 	text: autoDraw = True
10.8235 	DATA 	Keypress: space
10.8361 	EXP 	text: autoDraw = False
10.8361 	EXP 	corss_image: autoDraw = True
11.8220 	EXP 	Created sequence: sequential, trialTypes=1, nReps=5, seed=None
11.8222 	EXP 	New trial (rep=0, index=0): None
11.8359 	EXP 	corss_image: autoDraw = False
11.8359 	EXP 	corss_image: autoDraw = False
11.8359 	EXP 	saccade_image: autoDraw = True
12.3219 	EXP 	New trial (rep=1, index=0): None
12.3361 	EXP 	saccade_image: autoDraw = False
12.3361 	EXP 	saccade_image: autoDraw = False
12.3361 	EXP 	saccade_image: autoDraw = True
12.8199 	EXP 	New trial (rep=2, index=0): None
12.8360 	EXP 	saccade_image: autoDraw = False
12.8360 	EXP 	saccade_image: autoDraw = False
12.8360 	EXP 	saccade_image: autoDraw = True
13.3223 	EXP 	New trial (rep=3, index=0): None
13.3360 	EXP 	saccade_image: autoDraw = False
13.3360 	EXP 	saccade_image: autoDraw = False
13.3360 	EXP 	saccade_image: autoDraw = True
13.8224 	EXP 	New trial (rep=4, index=0): None
13.8360 	EXP 	saccade_image: autoDraw = False
13.8360 	EXP 	saccade_image: autoDraw = False
13.8360 	EXP 	saccade_image: autoDraw = True
14.3384 	EXP 	saccade_image: autoDraw = False
14.3384 	EXP 	saccade_image: autoDraw = False
14.3384 	EXP 	txt: autoDraw = True
14.9227 	DATA 	Keypress: escape
15.3419 	EXP 	window1: mouseVisible = True
